0 info it worked if it ends with ok
1 verbose cli [ '/usr/bin/node', '/usr/bin/npm', 'install' ]
2 info using npm@3.5.2
3 info using node@v8.10.0
4 silly loadCurrentTree Starting
5 silly install loadCurrentTree
6 silly install readLocalPackageData
7 silly install normalizeTree
8 silly loadCurrentTree Finishing
9 silly loadIdealTree Starting
10 silly install loadIdealTree
11 silly cloneCurrentTree Starting
12 silly install cloneCurrentTreeToIdealTree
13 silly cloneCurrentTree Finishing
14 silly loadShrinkwrap Starting
15 silly install loadShrinkwrap
16 silly loadShrinkwrap Finishing
17 silly loadAllDepsIntoIdealTree Starting
18 silly install loadAllDepsIntoIdealTree
19 silly fetchNamedPackageData node-cron
20 silly mapToRegistry name node-cron
21 silly mapToRegistry using default registry
22 silly mapToRegistry registry https://registry.npmjs.org/
23 silly mapToRegistry uri https://registry.npmjs.org/node-cron
24 verbose request uri https://registry.npmjs.org/node-cron
25 verbose request no auth needed
26 info attempt registry request try #1 at 7:12:00 PM
27 verbose request id b61dde6355002351
28 verbose etag W/"d22619f8792a95b3d7c6d4bc4eb8502e"
29 verbose lastModified Fri, 04 Jan 2019 22:33:08 GMT
30 http request GET https://registry.npmjs.org/node-cron
31 http 304 https://registry.npmjs.org/node-cron
32 verbose headers { date: 'Fri, 21 Jun 2019 13:42:00 GMT',
32 verbose headers   connection: 'keep-alive',
32 verbose headers   'set-cookie':
32 verbose headers    [ '__cfduid=deca5d67e64c93d5c5e6534a9ff206fa51561124520; expires=Sat, 20-Jun-20 13:42:00 GMT; path=/; domain=.npmjs.org; HttpOnly' ],
32 verbose headers   'cf-cache-status': 'HIT',
32 verbose headers   'cache-control': 'max-age=300',
32 verbose headers   'cf-ray': '4ea6673dcb4dd5ab-BOM',
32 verbose headers   etag: '"d22619f8792a95b3d7c6d4bc4eb8502e"',
32 verbose headers   'expect-ct': 'max-age=604800, report-uri="https://report-uri.cloudflare.com/cdn-cgi/beacon/expect-ct"',
32 verbose headers   'last-modified': 'Fri, 04 Jan 2019 22:33:08 GMT',
32 verbose headers   vary: 'accept-encoding, accept',
32 verbose headers   'x-amz-meta-rev': '75-25910f3bb183f77d12266450a07db95c',
32 verbose headers   server: 'cloudflare' }
33 silly get cb [ 304,
33 silly get   { date: 'Fri, 21 Jun 2019 13:42:00 GMT',
33 silly get     connection: 'keep-alive',
33 silly get     'set-cookie':
33 silly get      [ '__cfduid=deca5d67e64c93d5c5e6534a9ff206fa51561124520; expires=Sat, 20-Jun-20 13:42:00 GMT; path=/; domain=.npmjs.org; HttpOnly' ],
33 silly get     'cf-cache-status': 'HIT',
33 silly get     'cache-control': 'max-age=300',
33 silly get     'cf-ray': '4ea6673dcb4dd5ab-BOM',
33 silly get     etag: '"d22619f8792a95b3d7c6d4bc4eb8502e"',
33 silly get     'expect-ct': 'max-age=604800, report-uri="https://report-uri.cloudflare.com/cdn-cgi/beacon/expect-ct"',
33 silly get     'last-modified': 'Fri, 04 Jan 2019 22:33:08 GMT',
33 silly get     vary: 'accept-encoding, accept',
33 silly get     'x-amz-meta-rev': '75-25910f3bb183f77d12266450a07db95c',
33 silly get     server: 'cloudflare' } ]
34 verbose etag https://registry.npmjs.org/node-cron from cache
35 verbose get saving node-cron to /home/god/.npm/registry.npmjs.org/node-cron/.cache.json
36 silly resolveWithNewModule node-cron@2.0.3 checking installable status
37 silly cache add args [ 'node-cron@^2.0.3', null ]
38 verbose cache add spec node-cron@^2.0.3
39 silly cache add parsed spec Result {
39 silly cache add   raw: 'node-cron@^2.0.3',
39 silly cache add   scope: null,
39 silly cache add   name: 'node-cron',
39 silly cache add   rawSpec: '^2.0.3',
39 silly cache add   spec: '>=2.0.3 <3.0.0',
39 silly cache add   type: 'range' }
40 silly addNamed node-cron@>=2.0.3 <3.0.0
41 verbose addNamed ">=2.0.3 <3.0.0" is a valid semver range for node-cron
42 silly addNameRange { name: 'node-cron', range: '>=2.0.3 <3.0.0', hasData: false }
43 silly mapToRegistry name node-cron
44 silly mapToRegistry using default registry
45 silly mapToRegistry registry https://registry.npmjs.org/
46 silly mapToRegistry uri https://registry.npmjs.org/node-cron
47 verbose addNameRange registry:https://registry.npmjs.org/node-cron not in flight; fetching
48 verbose get https://registry.npmjs.org/node-cron not expired, no request
49 silly addNameRange number 2 { name: 'node-cron', range: '>=2.0.3 <3.0.0', hasData: true }
50 silly addNameRange versions [ 'node-cron',
50 silly addNameRange   [ '0.0.1',
50 silly addNameRange     '0.0.2',
50 silly addNameRange     '0.0.3',
50 silly addNameRange     '0.0.4',
50 silly addNameRange     '0.0.5',
50 silly addNameRange     '0.0.6',
50 silly addNameRange     '0.0.7',
50 silly addNameRange     '0.0.8',
50 silly addNameRange     '1.0.0',
50 silly addNameRange     '1.1.1',
50 silly addNameRange     '1.1.2',
50 silly addNameRange     '1.1.3',
50 silly addNameRange     '1.2.0',
50 silly addNameRange     '1.2.1',
50 silly addNameRange     '2.0.0',
50 silly addNameRange     '2.0.1',
50 silly addNameRange     '2.0.2',
50 silly addNameRange     '2.0.3' ] ]
51 silly addNamed node-cron@2.0.3
52 verbose addNamed "2.0.3" is a plain semver version for node-cron
53 silly cache afterAdd node-cron@2.0.3
54 verbose afterAdd /home/god/.npm/node-cron/2.0.3/package/package.json not in flight; writing
55 verbose afterAdd /home/god/.npm/node-cron/2.0.3/package/package.json written
56 silly fetchNamedPackageData fsevents
57 silly mapToRegistry name fsevents
58 silly mapToRegistry using default registry
59 silly mapToRegistry registry https://registry.npmjs.org/
60 silly mapToRegistry uri https://registry.npmjs.org/fsevents
61 verbose request uri https://registry.npmjs.org/fsevents
62 verbose request no auth needed
63 info attempt registry request try #1 at 7:12:00 PM
64 verbose etag W/"ec8d4eb97c775f79ec6d0bc1c3ba6d4f"
65 verbose lastModified Thu, 16 May 2019 13:28:59 GMT
66 http request GET https://registry.npmjs.org/fsevents
67 http 304 https://registry.npmjs.org/fsevents
68 verbose headers { date: 'Fri, 21 Jun 2019 13:42:00 GMT',
68 verbose headers   connection: 'keep-alive',
68 verbose headers   'set-cookie':
68 verbose headers    [ '__cfduid=deca5d67e64c93d5c5e6534a9ff206fa51561124520; expires=Sat, 20-Jun-20 13:42:00 GMT; path=/; domain=.npmjs.org; HttpOnly' ],
68 verbose headers   'cf-cache-status': 'HIT',
68 verbose headers   'cache-control': 'max-age=300',
68 verbose headers   'cf-ray': '4ea6673f1c2dd5ab-BOM',
68 verbose headers   etag: '"ec8d4eb97c775f79ec6d0bc1c3ba6d4f"',
68 verbose headers   'expect-ct': 'max-age=604800, report-uri="https://report-uri.cloudflare.com/cdn-cgi/beacon/expect-ct"',
68 verbose headers   'last-modified': 'Thu, 16 May 2019 13:28:59 GMT',
68 verbose headers   vary: 'accept-encoding, accept',
68 verbose headers   'x-amz-meta-rev': '163-88b33b9d24ebf2da96a4e2240471bf23',
68 verbose headers   server: 'cloudflare' }
69 silly get cb [ 304,
69 silly get   { date: 'Fri, 21 Jun 2019 13:42:00 GMT',
69 silly get     connection: 'keep-alive',
69 silly get     'set-cookie':
69 silly get      [ '__cfduid=deca5d67e64c93d5c5e6534a9ff206fa51561124520; expires=Sat, 20-Jun-20 13:42:00 GMT; path=/; domain=.npmjs.org; HttpOnly' ],
69 silly get     'cf-cache-status': 'HIT',
69 silly get     'cache-control': 'max-age=300',
69 silly get     'cf-ray': '4ea6673f1c2dd5ab-BOM',
69 silly get     etag: '"ec8d4eb97c775f79ec6d0bc1c3ba6d4f"',
69 silly get     'expect-ct': 'max-age=604800, report-uri="https://report-uri.cloudflare.com/cdn-cgi/beacon/expect-ct"',
69 silly get     'last-modified': 'Thu, 16 May 2019 13:28:59 GMT',
69 silly get     vary: 'accept-encoding, accept',
69 silly get     'x-amz-meta-rev': '163-88b33b9d24ebf2da96a4e2240471bf23',
69 silly get     server: 'cloudflare' } ]
70 verbose etag https://registry.npmjs.org/fsevents from cache
71 verbose get saving fsevents to /home/god/.npm/registry.npmjs.org/fsevents/.cache.json
72 silly resolveWithNewModule fsevents@1.2.9 checking installable status
73 silly loadAllDepsIntoIdealTree Finishing
74 silly idealTree:prePrune chunk-money@1.0.0
74 silly idealTree:prePrune +-- @angular-devkit/architect@0.8.4
74 silly idealTree:prePrune +-- @angular-devkit/core@0.8.4
74 silly idealTree:prePrune +-- @angular-devkit/schematics@0.8.4
74 silly idealTree:prePrune +-- @angular/cli@6.2.4
74 silly idealTree:prePrune +-- @schematics/angular@0.8.4
74 silly idealTree:prePrune +-- @schematics/update@0.8.4
74 silly idealTree:prePrune +-- @types/body-parser@1.17.0
74 silly idealTree:prePrune +-- @types/connect@3.4.32
74 silly idealTree:prePrune +-- @types/express-serve-static-core@4.16.4
74 silly idealTree:prePrune +-- @types/express@4.16.1
74 silly idealTree:prePrune +-- @types/form-data@2.2.1
74 silly idealTree:prePrune +-- @types/mime@2.0.1
74 silly idealTree:prePrune +-- @types/node@9.6.42
74 silly idealTree:prePrune +-- @types/range-parser@1.2.3
74 silly idealTree:prePrune +-- @types/request@0.0.36
74 silly idealTree:prePrune +-- @types/serve-static@1.13.2
74 silly idealTree:prePrune +-- accepts@1.3.5
74 silly idealTree:prePrune +-- ajv@6.4.0
74 silly idealTree:prePrune | `-- json-schema-traverse@0.3.1
74 silly idealTree:prePrune +-- ansi-regex@2.1.1
74 silly idealTree:prePrune +-- anymatch@2.0.0
74 silly idealTree:prePrune +-- aproba@1.2.0
74 silly idealTree:prePrune +-- are-we-there-yet@1.1.5
74 silly idealTree:prePrune +-- arr-diff@4.0.0
74 silly idealTree:prePrune +-- arr-flatten@1.1.0
74 silly idealTree:prePrune +-- arr-union@3.1.0
74 silly idealTree:prePrune +-- array-flatten@1.1.1
74 silly idealTree:prePrune +-- array-unique@0.3.2
74 silly idealTree:prePrune +-- asap@2.0.6
74 silly idealTree:prePrune +-- asn1@0.2.4
74 silly idealTree:prePrune +-- assert-plus@1.0.0
74 silly idealTree:prePrune +-- assign-symbols@1.0.0
74 silly idealTree:prePrune +-- async-each@1.0.1
74 silly idealTree:prePrune +-- async@2.6.1
74 silly idealTree:prePrune +-- asynckit@0.4.0
74 silly idealTree:prePrune +-- atob@2.1.2
74 silly idealTree:prePrune +-- aws-sign2@0.7.0
74 silly idealTree:prePrune +-- aws4@1.8.0
74 silly idealTree:prePrune +-- base@0.11.2
74 silly idealTree:prePrune | +-- define-property@1.0.0
74 silly idealTree:prePrune | +-- is-accessor-descriptor@1.0.0
74 silly idealTree:prePrune | +-- is-data-descriptor@1.0.0
74 silly idealTree:prePrune | `-- is-descriptor@1.0.2
74 silly idealTree:prePrune +-- basic-auth@2.0.1
74 silly idealTree:prePrune | `-- safe-buffer@5.1.2
74 silly idealTree:prePrune +-- bcrypt-pbkdf@1.0.2
74 silly idealTree:prePrune +-- binary-extensions@1.12.0
74 silly idealTree:prePrune +-- bluebird@3.5.1
74 silly idealTree:prePrune +-- body-parser@1.18.3
74 silly idealTree:prePrune | `-- qs@6.5.2
74 silly idealTree:prePrune +-- braces@2.3.2
74 silly idealTree:prePrune | `-- extend-shallow@2.0.1
74 silly idealTree:prePrune +-- bson@1.0.9
74 silly idealTree:prePrune +-- buffer-equal-constant-time@1.0.1
74 silly idealTree:prePrune +-- buffer-from@1.1.1
74 silly idealTree:prePrune +-- builtin-modules@1.1.1
74 silly idealTree:prePrune +-- builtins@1.0.3
74 silly idealTree:prePrune +-- bytes@3.0.0
74 silly idealTree:prePrune +-- cache-base@1.0.1
74 silly idealTree:prePrune +-- camelcase@4.1.0
74 silly idealTree:prePrune +-- caseless@0.12.0
74 silly idealTree:prePrune +-- chokidar@2.0.4
74 silly idealTree:prePrune +-- class-utils@0.3.6
74 silly idealTree:prePrune | `-- define-property@0.2.5
74 silly idealTree:prePrune +-- co@4.6.0
74 silly idealTree:prePrune +-- code-point-at@1.1.0
74 silly idealTree:prePrune +-- collection-visit@1.0.0
74 silly idealTree:prePrune +-- combined-stream@1.0.7
74 silly idealTree:prePrune +-- component-emitter@1.2.1
74 silly idealTree:prePrune +-- concat-stream@1.6.2
74 silly idealTree:prePrune +-- console-control-strings@1.1.0
74 silly idealTree:prePrune +-- content-disposition@0.5.2
74 silly idealTree:prePrune +-- content-type@1.0.4
74 silly idealTree:prePrune +-- cookie-parser@1.4.4
74 silly idealTree:prePrune +-- cookie-signature@1.0.6
74 silly idealTree:prePrune +-- cookie@0.3.1
74 silly idealTree:prePrune +-- copy-descriptor@0.1.1
74 silly idealTree:prePrune +-- core-util-is@1.0.2
74 silly idealTree:prePrune +-- cors@2.8.4
74 silly idealTree:prePrune +-- dashdash@1.14.1
74 silly idealTree:prePrune +-- debug@2.6.9
74 silly idealTree:prePrune +-- decode-uri-component@0.2.0
74 silly idealTree:prePrune +-- define-property@2.0.2
74 silly idealTree:prePrune | +-- is-accessor-descriptor@1.0.0
74 silly idealTree:prePrune | +-- is-data-descriptor@1.0.0
74 silly idealTree:prePrune | `-- is-descriptor@1.0.2
74 silly idealTree:prePrune +-- delayed-stream@1.0.0
74 silly idealTree:prePrune +-- delegates@1.0.0
74 silly idealTree:prePrune +-- depd@1.1.2
74 silly idealTree:prePrune +-- deprecate@1.0.0
74 silly idealTree:prePrune +-- destroy@1.0.4
74 silly idealTree:prePrune +-- ecc-jsbn@0.1.2
74 silly idealTree:prePrune +-- ecdsa-sig-formatter@1.0.11
74 silly idealTree:prePrune +-- ee-first@1.1.1
74 silly idealTree:prePrune +-- encodeurl@1.0.2
74 silly idealTree:prePrune +-- encoding@0.1.12
74 silly idealTree:prePrune +-- envvar@2.0.0
74 silly idealTree:prePrune +-- es6-promise@4.2.5
74 silly idealTree:prePrune +-- escape-html@1.0.3
74 silly idealTree:prePrune +-- etag@1.8.1
74 silly idealTree:prePrune +-- expand-brackets@2.1.4
74 silly idealTree:prePrune | +-- define-property@0.2.5
74 silly idealTree:prePrune | `-- extend-shallow@2.0.1
74 silly idealTree:prePrune +-- express-jwt@5.3.1
74 silly idealTree:prePrune | `-- async@1.5.2
74 silly idealTree:prePrune +-- express-unless@0.3.1
74 silly idealTree:prePrune +-- express@4.16.3
74 silly idealTree:prePrune | +-- body-parser@1.18.2
74 silly idealTree:prePrune | +-- iconv-lite@0.4.19
74 silly idealTree:prePrune | `-- raw-body@2.3.2
74 silly idealTree:prePrune |   +-- depd@1.1.1
74 silly idealTree:prePrune |   +-- http-errors@1.6.2
74 silly idealTree:prePrune |   `-- setprototypeof@1.0.3
74 silly idealTree:prePrune +-- extend-shallow@3.0.2
74 silly idealTree:prePrune | `-- is-extendable@1.0.1
74 silly idealTree:prePrune +-- extend@3.0.2
74 silly idealTree:prePrune +-- extglob@2.0.4
74 silly idealTree:prePrune | +-- define-property@1.0.0
74 silly idealTree:prePrune | +-- extend-shallow@2.0.1
74 silly idealTree:prePrune | +-- is-accessor-descriptor@1.0.0
74 silly idealTree:prePrune | +-- is-data-descriptor@1.0.0
74 silly idealTree:prePrune | `-- is-descriptor@1.0.2
74 silly idealTree:prePrune +-- extsprintf@1.3.0
74 silly idealTree:prePrune +-- fast-deep-equal@1.1.0
74 silly idealTree:prePrune +-- fast-json-stable-stringify@2.0.0
74 silly idealTree:prePrune +-- fill-range@4.0.0
74 silly idealTree:prePrune | `-- extend-shallow@2.0.1
74 silly idealTree:prePrune +-- finalhandler@1.1.1
74 silly idealTree:prePrune +-- for-in@1.0.2
74 silly idealTree:prePrune +-- forever-agent@0.6.1
74 silly idealTree:prePrune +-- form-data@2.3.2
74 silly idealTree:prePrune | `-- combined-stream@1.0.6
74 silly idealTree:prePrune +-- forwarded@0.1.2
74 silly idealTree:prePrune +-- fragment-cache@0.2.1
74 silly idealTree:prePrune +-- fresh@0.5.2
74 silly idealTree:prePrune +-- gauge@2.7.4
74 silly idealTree:prePrune +-- get-value@2.0.6
74 silly idealTree:prePrune +-- getpass@0.1.7
74 silly idealTree:prePrune +-- glob-parent@3.1.0
74 silly idealTree:prePrune | `-- is-glob@3.1.0
74 silly idealTree:prePrune +-- graceful-fs@4.1.11
74 silly idealTree:prePrune +-- har-schema@2.0.0
74 silly idealTree:prePrune +-- har-validator@5.1.0
74 silly idealTree:prePrune | +-- ajv@5.5.2
74 silly idealTree:prePrune | `-- json-schema-traverse@0.3.1
74 silly idealTree:prePrune +-- has-unicode@2.0.1
74 silly idealTree:prePrune +-- has-value@1.0.0
74 silly idealTree:prePrune +-- has-values@1.0.0
74 silly idealTree:prePrune | `-- kind-of@4.0.0
74 silly idealTree:prePrune +-- hosted-git-info@2.7.1
74 silly idealTree:prePrune +-- http-errors@1.6.3
74 silly idealTree:prePrune +-- http-signature@1.2.0
74 silly idealTree:prePrune +-- iconv-lite@0.4.23
74 silly idealTree:prePrune +-- inherits@2.0.3
74 silly idealTree:prePrune +-- ipaddr.js@1.8.0
74 silly idealTree:prePrune +-- is-accessor-descriptor@0.1.6
74 silly idealTree:prePrune | `-- kind-of@3.2.2
74 silly idealTree:prePrune +-- is-binary-path@1.0.1
74 silly idealTree:prePrune +-- is-buffer@1.1.6
74 silly idealTree:prePrune +-- is-builtin-module@1.0.0
74 silly idealTree:prePrune +-- is-data-descriptor@0.1.4
74 silly idealTree:prePrune | `-- kind-of@3.2.2
74 silly idealTree:prePrune +-- is-descriptor@0.1.6
74 silly idealTree:prePrune | `-- kind-of@5.1.0
74 silly idealTree:prePrune +-- is-extendable@0.1.1
74 silly idealTree:prePrune +-- is-extglob@2.1.1
74 silly idealTree:prePrune +-- is-fullwidth-code-point@1.0.0
74 silly idealTree:prePrune +-- is-glob@4.0.0
74 silly idealTree:prePrune +-- is-number@3.0.0
74 silly idealTree:prePrune | `-- kind-of@3.2.2
74 silly idealTree:prePrune +-- is-plain-object@2.0.4
74 silly idealTree:prePrune +-- is-stream@1.1.0
74 silly idealTree:prePrune +-- is-typedarray@1.0.0
74 silly idealTree:prePrune +-- is-windows@1.0.2
74 silly idealTree:prePrune +-- is-wsl@1.1.0
74 silly idealTree:prePrune +-- isarray@1.0.0
74 silly idealTree:prePrune +-- isobject@3.0.1
74 silly idealTree:prePrune +-- isomorphic-fetch@2.2.1
74 silly idealTree:prePrune +-- isstream@0.1.2
74 silly idealTree:prePrune +-- jsbn@0.1.1
74 silly idealTree:prePrune +-- json-schema-traverse@0.4.1
74 silly idealTree:prePrune +-- json-schema@0.2.3
74 silly idealTree:prePrune +-- json-stringify-safe@5.0.1
74 silly idealTree:prePrune +-- jsonwebtoken@8.5.1
74 silly idealTree:prePrune | +-- ms@2.1.1
74 silly idealTree:prePrune | `-- semver@5.7.0
74 silly idealTree:prePrune +-- jsprim@1.4.1
74 silly idealTree:prePrune +-- jwa@1.4.1
74 silly idealTree:prePrune +-- jws@3.2.2
74 silly idealTree:prePrune +-- kareem@2.3.0
74 silly idealTree:prePrune +-- kind-of@6.0.2
74 silly idealTree:prePrune +-- lodash.debounce@4.0.8
74 silly idealTree:prePrune +-- lodash.get@4.4.2
74 silly idealTree:prePrune +-- lodash.includes@4.3.0
74 silly idealTree:prePrune +-- lodash.isboolean@3.0.3
74 silly idealTree:prePrune +-- lodash.isinteger@4.0.4
74 silly idealTree:prePrune +-- lodash.isnumber@3.0.3
74 silly idealTree:prePrune +-- lodash.isplainobject@4.0.6
74 silly idealTree:prePrune +-- lodash.isstring@4.0.1
74 silly idealTree:prePrune +-- lodash.once@4.1.1
74 silly idealTree:prePrune +-- lodash.set@4.3.2
74 silly idealTree:prePrune +-- lodash@4.17.11
74 silly idealTree:prePrune +-- map-cache@0.2.2
74 silly idealTree:prePrune +-- map-visit@1.0.0
74 silly idealTree:prePrune +-- media-typer@0.3.0
74 silly idealTree:prePrune +-- memory-pager@1.1.0
74 silly idealTree:prePrune +-- merge-descriptors@1.0.1
74 silly idealTree:prePrune +-- methods@1.1.2
74 silly idealTree:prePrune +-- micromatch@3.1.10
74 silly idealTree:prePrune +-- mime-db@1.36.0
74 silly idealTree:prePrune +-- mime-types@2.1.20
74 silly idealTree:prePrune +-- mime@1.4.1
74 silly idealTree:prePrune +-- mixin-deep@1.3.1
74 silly idealTree:prePrune | `-- is-extendable@1.0.1
74 silly idealTree:prePrune +-- moment-timezone@0.5.21
74 silly idealTree:prePrune +-- moment@2.22.2
74 silly idealTree:prePrune +-- mongodb-core@3.1.5
74 silly idealTree:prePrune | +-- bson@1.1.0
74 silly idealTree:prePrune | `-- safe-buffer@5.1.2
74 silly idealTree:prePrune +-- mongodb@3.1.6
74 silly idealTree:prePrune | `-- safe-buffer@5.1.2
74 silly idealTree:prePrune +-- mongoose-legacy-pluralize@1.0.2
74 silly idealTree:prePrune +-- mongoose@5.3.1
74 silly idealTree:prePrune | `-- safe-buffer@5.1.2
74 silly idealTree:prePrune +-- morgan@1.9.1
74 silly idealTree:prePrune +-- mpath@0.5.1
74 silly idealTree:prePrune +-- mquery@3.2.0
74 silly idealTree:prePrune | +-- debug@3.1.0
74 silly idealTree:prePrune | `-- safe-buffer@5.1.2
74 silly idealTree:prePrune +-- ms@2.0.0
74 silly idealTree:prePrune +-- mx-atrium@0.0.10
74 silly idealTree:prePrune +-- nanomatch@1.2.13
74 silly idealTree:prePrune +-- negotiator@0.6.1
74 silly idealTree:prePrune +-- node-cron@2.0.3
74 silly idealTree:prePrune +-- node-fetch@1.7.3
74 silly idealTree:prePrune +-- nodemailer@6.1.1
74 silly idealTree:prePrune +-- normalize-package-data@2.4.0
74 silly idealTree:prePrune +-- normalize-path@2.1.1
74 silly idealTree:prePrune +-- npm-package-arg@6.1.0
74 silly idealTree:prePrune +-- npm-registry-client@8.6.0
74 silly idealTree:prePrune +-- npmlog@4.1.2
74 silly idealTree:prePrune +-- number-is-nan@1.0.1
74 silly idealTree:prePrune +-- oauth-sign@0.9.0
74 silly idealTree:prePrune +-- object-assign@4.1.1
74 silly idealTree:prePrune +-- object-copy@0.1.0
74 silly idealTree:prePrune | +-- define-property@0.2.5
74 silly idealTree:prePrune | `-- kind-of@3.2.2
74 silly idealTree:prePrune +-- object-visit@1.0.1
74 silly idealTree:prePrune +-- object.pick@1.3.0
74 silly idealTree:prePrune +-- on-finished@2.3.0
74 silly idealTree:prePrune +-- on-headers@1.0.2
74 silly idealTree:prePrune +-- once@1.4.0
74 silly idealTree:prePrune +-- opencollective-postinstall@2.0.2
74 silly idealTree:prePrune +-- opn@5.4.0
74 silly idealTree:prePrune +-- os-homedir@1.0.2
74 silly idealTree:prePrune +-- os-tmpdir@1.0.2
74 silly idealTree:prePrune +-- osenv@0.1.5
74 silly idealTree:prePrune +-- parseurl@1.3.2
74 silly idealTree:prePrune +-- pascalcase@0.1.1
74 silly idealTree:prePrune +-- passport-local@1.0.0
74 silly idealTree:prePrune +-- passport-strategy@1.0.0
74 silly idealTree:prePrune +-- passport@0.4.0
74 silly idealTree:prePrune +-- path-dirname@1.0.2
74 silly idealTree:prePrune +-- path-is-absolute@1.0.1
74 silly idealTree:prePrune +-- path-to-regexp@0.1.7
74 silly idealTree:prePrune +-- pause@0.0.1
74 silly idealTree:prePrune +-- performance-now@2.1.0
74 silly idealTree:prePrune +-- plaid@2.10.0
74 silly idealTree:prePrune +-- pop-iterate@1.0.1
74 silly idealTree:prePrune +-- posix-character-classes@0.1.1
74 silly idealTree:prePrune +-- process-nextick-args@2.0.0
74 silly idealTree:prePrune +-- proxy-addr@2.0.4
74 silly idealTree:prePrune +-- psl@1.1.29
74 silly idealTree:prePrune +-- punycode@2.1.1
74 silly idealTree:prePrune +-- q@2.0.3
74 silly idealTree:prePrune +-- qs@6.5.1
74 silly idealTree:prePrune +-- ramda@0.23.0
74 silly idealTree:prePrune +-- range-parser@1.2.0
74 silly idealTree:prePrune +-- raw-body@2.3.3
74 silly idealTree:prePrune +-- readable-stream@2.3.6
74 silly idealTree:prePrune +-- readdirp@2.2.1
74 silly idealTree:prePrune +-- regex-not@1.0.2
74 silly idealTree:prePrune +-- regexp-clone@0.0.1
74 silly idealTree:prePrune +-- remove-trailing-separator@1.1.0
74 silly idealTree:prePrune +-- repeat-element@1.1.3
74 silly idealTree:prePrune +-- repeat-string@1.6.1
74 silly idealTree:prePrune +-- request@2.88.0
74 silly idealTree:prePrune | +-- qs@6.5.2
74 silly idealTree:prePrune | `-- safe-buffer@5.1.2
74 silly idealTree:prePrune +-- require_optional@1.0.1
74 silly idealTree:prePrune +-- resolve-from@2.0.0
74 silly idealTree:prePrune +-- resolve-url@0.2.1
74 silly idealTree:prePrune +-- ret@0.1.15
74 silly idealTree:prePrune +-- retry@0.10.1
74 silly idealTree:prePrune +-- rootpath@0.1.2
74 silly idealTree:prePrune +-- rxjs@6.2.2
74 silly idealTree:prePrune +-- safe-buffer@5.1.1
74 silly idealTree:prePrune +-- safe-regex@1.1.0
74 silly idealTree:prePrune +-- safer-buffer@2.1.2
74 silly idealTree:prePrune +-- saslprep@1.0.2
74 silly idealTree:prePrune +-- scmp@2.0.0
74 silly idealTree:prePrune +-- semver-intersect@1.4.0
74 silly idealTree:prePrune +-- semver@5.5.1
74 silly idealTree:prePrune +-- send@0.16.2
74 silly idealTree:prePrune +-- serve-favicon@2.5.0
74 silly idealTree:prePrune | `-- ms@2.1.1
74 silly idealTree:prePrune +-- serve-static@1.13.2
74 silly idealTree:prePrune +-- set-blocking@2.0.0
74 silly idealTree:prePrune +-- set-value@2.0.0
74 silly idealTree:prePrune | `-- extend-shallow@2.0.1
74 silly idealTree:prePrune +-- setprototypeof@1.1.0
74 silly idealTree:prePrune +-- signal-exit@3.0.2
74 silly idealTree:prePrune +-- sliced@1.0.1
74 silly idealTree:prePrune +-- slide@1.1.6
74 silly idealTree:prePrune +-- snapdragon-node@2.1.1
74 silly idealTree:prePrune | +-- define-property@1.0.0
74 silly idealTree:prePrune | +-- is-accessor-descriptor@1.0.0
74 silly idealTree:prePrune | +-- is-data-descriptor@1.0.0
74 silly idealTree:prePrune | `-- is-descriptor@1.0.2
74 silly idealTree:prePrune +-- snapdragon-util@3.0.1
74 silly idealTree:prePrune | `-- kind-of@3.2.2
74 silly idealTree:prePrune +-- snapdragon@0.8.2
74 silly idealTree:prePrune | +-- define-property@0.2.5
74 silly idealTree:prePrune | `-- extend-shallow@2.0.1
74 silly idealTree:prePrune +-- source-map-resolve@0.5.2
74 silly idealTree:prePrune +-- source-map-url@0.4.0
74 silly idealTree:prePrune +-- source-map@0.5.7
74 silly idealTree:prePrune +-- sparse-bitfield@3.0.3
74 silly idealTree:prePrune +-- spdx-correct@3.0.1
74 silly idealTree:prePrune +-- spdx-exceptions@2.2.0
74 silly idealTree:prePrune +-- spdx-expression-parse@3.0.0
74 silly idealTree:prePrune +-- spdx-license-ids@3.0.1
74 silly idealTree:prePrune +-- split-string@3.1.0
74 silly idealTree:prePrune +-- sshpk@1.14.2
74 silly idealTree:prePrune +-- ssri@5.3.0
74 silly idealTree:prePrune +-- static-extend@0.1.2
74 silly idealTree:prePrune | `-- define-property@0.2.5
74 silly idealTree:prePrune +-- statuses@1.4.0
74 silly idealTree:prePrune +-- string_decoder@1.1.1
74 silly idealTree:prePrune +-- string-width@1.0.2
74 silly idealTree:prePrune +-- strip-ansi@3.0.1
74 silly idealTree:prePrune +-- symbol-observable@1.2.0
74 silly idealTree:prePrune +-- to-object-path@0.3.0
74 silly idealTree:prePrune | `-- kind-of@3.2.2
74 silly idealTree:prePrune +-- to-regex-range@2.1.1
74 silly idealTree:prePrune +-- to-regex@3.0.2
74 silly idealTree:prePrune +-- tough-cookie@2.4.3
74 silly idealTree:prePrune | `-- punycode@1.4.1
74 silly idealTree:prePrune +-- tslib@1.9.3
74 silly idealTree:prePrune +-- tunnel-agent@0.6.0
74 silly idealTree:prePrune +-- tweetnacl@0.14.5
74 silly idealTree:prePrune +-- twilio@3.30.3
74 silly idealTree:prePrune | `-- moment@2.19.3
74 silly idealTree:prePrune +-- type-is@1.6.16
74 silly idealTree:prePrune +-- typedarray@0.0.6
74 silly idealTree:prePrune +-- typescript@2.9.2
74 silly idealTree:prePrune +-- tz-offset@0.0.1
74 silly idealTree:prePrune +-- union-value@1.0.0
74 silly idealTree:prePrune | +-- extend-shallow@2.0.1
74 silly idealTree:prePrune | `-- set-value@0.4.3
74 silly idealTree:prePrune +-- unpipe@1.0.0
74 silly idealTree:prePrune +-- unset-value@1.0.0
74 silly idealTree:prePrune | +-- has-value@0.3.1
74 silly idealTree:prePrune | | `-- isobject@2.1.0
74 silly idealTree:prePrune | `-- has-values@0.1.4
74 silly idealTree:prePrune +-- upath@1.1.0
74 silly idealTree:prePrune +-- uri-js@3.0.2
74 silly idealTree:prePrune +-- urix@0.1.0
74 silly idealTree:prePrune +-- use@3.1.1
74 silly idealTree:prePrune +-- util-deprecate@1.0.2
74 silly idealTree:prePrune +-- utils-merge@1.0.1
74 silly idealTree:prePrune +-- uuid@3.3.2
74 silly idealTree:prePrune +-- validate-npm-package-license@3.0.4
74 silly idealTree:prePrune +-- validate-npm-package-name@3.0.0
74 silly idealTree:prePrune +-- vary@1.1.2
74 silly idealTree:prePrune +-- verror@1.10.0
74 silly idealTree:prePrune +-- weak-map@1.0.5
74 silly idealTree:prePrune +-- whatwg-fetch@3.0.0
74 silly idealTree:prePrune +-- wide-align@1.1.3
74 silly idealTree:prePrune +-- wrappy@1.0.2
74 silly idealTree:prePrune +-- xmlbuilder@9.0.1
74 silly idealTree:prePrune `-- yargs-parser@10.1.0
75 silly loadIdealTree Finishing
76 silly currentTree chunk-money@1.0.0
76 silly currentTree +-- @angular-devkit/architect@0.8.4
76 silly currentTree +-- @angular-devkit/core@0.8.4
76 silly currentTree +-- @angular-devkit/schematics@0.8.4
76 silly currentTree +-- @angular/cli@6.2.4
76 silly currentTree +-- @schematics/angular@0.8.4
76 silly currentTree +-- @schematics/update@0.8.4
76 silly currentTree +-- @types/body-parser@1.17.0
76 silly currentTree +-- @types/connect@3.4.32
76 silly currentTree +-- @types/express-serve-static-core@4.16.4
76 silly currentTree +-- @types/express@4.16.1
76 silly currentTree +-- @types/form-data@2.2.1
76 silly currentTree +-- @types/mime@2.0.1
76 silly currentTree +-- @types/node@9.6.42
76 silly currentTree +-- @types/range-parser@1.2.3
76 silly currentTree +-- @types/request@0.0.36
76 silly currentTree +-- @types/serve-static@1.13.2
76 silly currentTree +-- accepts@1.3.5
76 silly currentTree +-- ajv@6.4.0
76 silly currentTree | `-- json-schema-traverse@0.3.1
76 silly currentTree +-- ansi-regex@2.1.1
76 silly currentTree +-- anymatch@2.0.0
76 silly currentTree +-- aproba@1.2.0
76 silly currentTree +-- are-we-there-yet@1.1.5
76 silly currentTree +-- arr-diff@4.0.0
76 silly currentTree +-- arr-flatten@1.1.0
76 silly currentTree +-- arr-union@3.1.0
76 silly currentTree +-- array-flatten@1.1.1
76 silly currentTree +-- array-unique@0.3.2
76 silly currentTree +-- asap@2.0.6
76 silly currentTree +-- asn1@0.2.4
76 silly currentTree +-- assert-plus@1.0.0
76 silly currentTree +-- assign-symbols@1.0.0
76 silly currentTree +-- async-each@1.0.1
76 silly currentTree +-- async@2.6.1
76 silly currentTree +-- asynckit@0.4.0
76 silly currentTree +-- atob@2.1.2
76 silly currentTree +-- aws-sign2@0.7.0
76 silly currentTree +-- aws4@1.8.0
76 silly currentTree +-- base@0.11.2
76 silly currentTree | +-- define-property@1.0.0
76 silly currentTree | +-- is-accessor-descriptor@1.0.0
76 silly currentTree | +-- is-data-descriptor@1.0.0
76 silly currentTree | `-- is-descriptor@1.0.2
76 silly currentTree +-- basic-auth@2.0.1
76 silly currentTree | `-- safe-buffer@5.1.2
76 silly currentTree +-- bcrypt-pbkdf@1.0.2
76 silly currentTree +-- binary-extensions@1.12.0
76 silly currentTree +-- bluebird@3.5.1
76 silly currentTree +-- body-parser@1.18.3
76 silly currentTree | `-- qs@6.5.2
76 silly currentTree +-- braces@2.3.2
76 silly currentTree | `-- extend-shallow@2.0.1
76 silly currentTree +-- bson@1.0.9
76 silly currentTree +-- buffer-equal-constant-time@1.0.1
76 silly currentTree +-- buffer-from@1.1.1
76 silly currentTree +-- builtin-modules@1.1.1
76 silly currentTree +-- builtins@1.0.3
76 silly currentTree +-- bytes@3.0.0
76 silly currentTree +-- cache-base@1.0.1
76 silly currentTree +-- camelcase@4.1.0
76 silly currentTree +-- caseless@0.12.0
76 silly currentTree +-- chokidar@2.0.4
76 silly currentTree +-- class-utils@0.3.6
76 silly currentTree | `-- define-property@0.2.5
76 silly currentTree +-- co@4.6.0
76 silly currentTree +-- code-point-at@1.1.0
76 silly currentTree +-- collection-visit@1.0.0
76 silly currentTree +-- combined-stream@1.0.7
76 silly currentTree +-- component-emitter@1.2.1
76 silly currentTree +-- concat-stream@1.6.2
76 silly currentTree +-- console-control-strings@1.1.0
76 silly currentTree +-- content-disposition@0.5.2
76 silly currentTree +-- content-type@1.0.4
76 silly currentTree +-- cookie-parser@1.4.4
76 silly currentTree +-- cookie-signature@1.0.6
76 silly currentTree +-- cookie@0.3.1
76 silly currentTree +-- copy-descriptor@0.1.1
76 silly currentTree +-- core-util-is@1.0.2
76 silly currentTree +-- cors@2.8.4
76 silly currentTree +-- dashdash@1.14.1
76 silly currentTree +-- debug@2.6.9
76 silly currentTree +-- decode-uri-component@0.2.0
76 silly currentTree +-- define-property@2.0.2
76 silly currentTree | +-- is-accessor-descriptor@1.0.0
76 silly currentTree | +-- is-data-descriptor@1.0.0
76 silly currentTree | `-- is-descriptor@1.0.2
76 silly currentTree +-- delayed-stream@1.0.0
76 silly currentTree +-- delegates@1.0.0
76 silly currentTree +-- depd@1.1.2
76 silly currentTree +-- deprecate@1.0.0
76 silly currentTree +-- destroy@1.0.4
76 silly currentTree +-- ecc-jsbn@0.1.2
76 silly currentTree +-- ecdsa-sig-formatter@1.0.11
76 silly currentTree +-- ee-first@1.1.1
76 silly currentTree +-- encodeurl@1.0.2
76 silly currentTree +-- encoding@0.1.12
76 silly currentTree +-- envvar@2.0.0
76 silly currentTree +-- es6-promise@4.2.5
76 silly currentTree +-- escape-html@1.0.3
76 silly currentTree +-- etag@1.8.1
76 silly currentTree +-- expand-brackets@2.1.4
76 silly currentTree | +-- define-property@0.2.5
76 silly currentTree | `-- extend-shallow@2.0.1
76 silly currentTree +-- express-jwt@5.3.1
76 silly currentTree | `-- async@1.5.2
76 silly currentTree +-- express-unless@0.3.1
76 silly currentTree +-- express@4.16.3
76 silly currentTree | +-- body-parser@1.18.2
76 silly currentTree | +-- iconv-lite@0.4.19
76 silly currentTree | `-- raw-body@2.3.2
76 silly currentTree |   +-- depd@1.1.1
76 silly currentTree |   +-- http-errors@1.6.2
76 silly currentTree |   `-- setprototypeof@1.0.3
76 silly currentTree +-- extend-shallow@3.0.2
76 silly currentTree | `-- is-extendable@1.0.1
76 silly currentTree +-- extend@3.0.2
76 silly currentTree +-- extglob@2.0.4
76 silly currentTree | +-- define-property@1.0.0
76 silly currentTree | +-- extend-shallow@2.0.1
76 silly currentTree | +-- is-accessor-descriptor@1.0.0
76 silly currentTree | +-- is-data-descriptor@1.0.0
76 silly currentTree | `-- is-descriptor@1.0.2
76 silly currentTree +-- extsprintf@1.3.0
76 silly currentTree +-- fast-deep-equal@1.1.0
76 silly currentTree +-- fast-json-stable-stringify@2.0.0
76 silly currentTree +-- fill-range@4.0.0
76 silly currentTree | `-- extend-shallow@2.0.1
76 silly currentTree +-- finalhandler@1.1.1
76 silly currentTree +-- for-in@1.0.2
76 silly currentTree +-- forever-agent@0.6.1
76 silly currentTree +-- form-data@2.3.2
76 silly currentTree | `-- combined-stream@1.0.6
76 silly currentTree +-- forwarded@0.1.2
76 silly currentTree +-- fragment-cache@0.2.1
76 silly currentTree +-- fresh@0.5.2
76 silly currentTree +-- gauge@2.7.4
76 silly currentTree +-- get-value@2.0.6
76 silly currentTree +-- getpass@0.1.7
76 silly currentTree +-- glob-parent@3.1.0
76 silly currentTree | `-- is-glob@3.1.0
76 silly currentTree +-- graceful-fs@4.1.11
76 silly currentTree +-- har-schema@2.0.0
76 silly currentTree +-- har-validator@5.1.0
76 silly currentTree | +-- ajv@5.5.2
76 silly currentTree | `-- json-schema-traverse@0.3.1
76 silly currentTree +-- has-unicode@2.0.1
76 silly currentTree +-- has-value@1.0.0
76 silly currentTree +-- has-values@1.0.0
76 silly currentTree | `-- kind-of@4.0.0
76 silly currentTree +-- hosted-git-info@2.7.1
76 silly currentTree +-- http-errors@1.6.3
76 silly currentTree +-- http-signature@1.2.0
76 silly currentTree +-- iconv-lite@0.4.23
76 silly currentTree +-- inherits@2.0.3
76 silly currentTree +-- ipaddr.js@1.8.0
76 silly currentTree +-- is-accessor-descriptor@0.1.6
76 silly currentTree | `-- kind-of@3.2.2
76 silly currentTree +-- is-binary-path@1.0.1
76 silly currentTree +-- is-buffer@1.1.6
76 silly currentTree +-- is-builtin-module@1.0.0
76 silly currentTree +-- is-data-descriptor@0.1.4
76 silly currentTree | `-- kind-of@3.2.2
76 silly currentTree +-- is-descriptor@0.1.6
76 silly currentTree | `-- kind-of@5.1.0
76 silly currentTree +-- is-extendable@0.1.1
76 silly currentTree +-- is-extglob@2.1.1
76 silly currentTree +-- is-fullwidth-code-point@1.0.0
76 silly currentTree +-- is-glob@4.0.0
76 silly currentTree +-- is-number@3.0.0
76 silly currentTree | `-- kind-of@3.2.2
76 silly currentTree +-- is-plain-object@2.0.4
76 silly currentTree +-- is-stream@1.1.0
76 silly currentTree +-- is-typedarray@1.0.0
76 silly currentTree +-- is-windows@1.0.2
76 silly currentTree +-- is-wsl@1.1.0
76 silly currentTree +-- isarray@1.0.0
76 silly currentTree +-- isobject@3.0.1
76 silly currentTree +-- isomorphic-fetch@2.2.1
76 silly currentTree +-- isstream@0.1.2
76 silly currentTree +-- jsbn@0.1.1
76 silly currentTree +-- json-schema-traverse@0.4.1
76 silly currentTree +-- json-schema@0.2.3
76 silly currentTree +-- json-stringify-safe@5.0.1
76 silly currentTree +-- jsonwebtoken@8.5.1
76 silly currentTree | +-- ms@2.1.1
76 silly currentTree | `-- semver@5.7.0
76 silly currentTree +-- jsprim@1.4.1
76 silly currentTree +-- jwa@1.4.1
76 silly currentTree +-- jws@3.2.2
76 silly currentTree +-- kareem@2.3.0
76 silly currentTree +-- kind-of@6.0.2
76 silly currentTree +-- lodash.debounce@4.0.8
76 silly currentTree +-- lodash.get@4.4.2
76 silly currentTree +-- lodash.includes@4.3.0
76 silly currentTree +-- lodash.isboolean@3.0.3
76 silly currentTree +-- lodash.isinteger@4.0.4
76 silly currentTree +-- lodash.isnumber@3.0.3
76 silly currentTree +-- lodash.isplainobject@4.0.6
76 silly currentTree +-- lodash.isstring@4.0.1
76 silly currentTree +-- lodash.once@4.1.1
76 silly currentTree +-- lodash.set@4.3.2
76 silly currentTree +-- lodash@4.17.11
76 silly currentTree +-- map-cache@0.2.2
76 silly currentTree +-- map-visit@1.0.0
76 silly currentTree +-- media-typer@0.3.0
76 silly currentTree +-- memory-pager@1.1.0
76 silly currentTree +-- merge-descriptors@1.0.1
76 silly currentTree +-- methods@1.1.2
76 silly currentTree +-- micromatch@3.1.10
76 silly currentTree +-- mime-db@1.36.0
76 silly currentTree +-- mime-types@2.1.20
76 silly currentTree +-- mime@1.4.1
76 silly currentTree +-- mixin-deep@1.3.1
76 silly currentTree | `-- is-extendable@1.0.1
76 silly currentTree +-- moment-timezone@0.5.21
76 silly currentTree +-- moment@2.22.2
76 silly currentTree +-- mongodb-core@3.1.5
76 silly currentTree | +-- bson@1.1.0
76 silly currentTree | `-- safe-buffer@5.1.2
76 silly currentTree +-- mongodb@3.1.6
76 silly currentTree | `-- safe-buffer@5.1.2
76 silly currentTree +-- mongoose-legacy-pluralize@1.0.2
76 silly currentTree +-- mongoose@5.3.1
76 silly currentTree | `-- safe-buffer@5.1.2
76 silly currentTree +-- morgan@1.9.1
76 silly currentTree +-- mpath@0.5.1
76 silly currentTree +-- mquery@3.2.0
76 silly currentTree | +-- debug@3.1.0
76 silly currentTree | `-- safe-buffer@5.1.2
76 silly currentTree +-- ms@2.0.0
76 silly currentTree +-- mx-atrium@0.0.10
76 silly currentTree +-- nanomatch@1.2.13
76 silly currentTree +-- negotiator@0.6.1
76 silly currentTree +-- node-fetch@1.7.3
76 silly currentTree +-- nodemailer@6.1.1
76 silly currentTree +-- normalize-package-data@2.4.0
76 silly currentTree +-- normalize-path@2.1.1
76 silly currentTree +-- npm-package-arg@6.1.0
76 silly currentTree +-- npm-registry-client@8.6.0
76 silly currentTree +-- npmlog@4.1.2
76 silly currentTree +-- number-is-nan@1.0.1
76 silly currentTree +-- oauth-sign@0.9.0
76 silly currentTree +-- object-assign@4.1.1
76 silly currentTree +-- object-copy@0.1.0
76 silly currentTree | +-- define-property@0.2.5
76 silly currentTree | `-- kind-of@3.2.2
76 silly currentTree +-- object-visit@1.0.1
76 silly currentTree +-- object.pick@1.3.0
76 silly currentTree +-- on-finished@2.3.0
76 silly currentTree +-- on-headers@1.0.2
76 silly currentTree +-- once@1.4.0
76 silly currentTree +-- opencollective-postinstall@2.0.2
76 silly currentTree +-- opn@5.4.0
76 silly currentTree +-- os-homedir@1.0.2
76 silly currentTree +-- os-tmpdir@1.0.2
76 silly currentTree +-- osenv@0.1.5
76 silly currentTree +-- parseurl@1.3.2
76 silly currentTree +-- pascalcase@0.1.1
76 silly currentTree +-- passport-local@1.0.0
76 silly currentTree +-- passport-strategy@1.0.0
76 silly currentTree +-- passport@0.4.0
76 silly currentTree +-- path-dirname@1.0.2
76 silly currentTree +-- path-is-absolute@1.0.1
76 silly currentTree +-- path-to-regexp@0.1.7
76 silly currentTree +-- pause@0.0.1
76 silly currentTree +-- performance-now@2.1.0
76 silly currentTree +-- plaid@2.10.0
76 silly currentTree +-- pop-iterate@1.0.1
76 silly currentTree +-- posix-character-classes@0.1.1
76 silly currentTree +-- process-nextick-args@2.0.0
76 silly currentTree +-- proxy-addr@2.0.4
76 silly currentTree +-- psl@1.1.29
76 silly currentTree +-- punycode@2.1.1
76 silly currentTree +-- q@2.0.3
76 silly currentTree +-- qs@6.5.1
76 silly currentTree +-- ramda@0.23.0
76 silly currentTree +-- range-parser@1.2.0
76 silly currentTree +-- raw-body@2.3.3
76 silly currentTree +-- readable-stream@2.3.6
76 silly currentTree +-- readdirp@2.2.1
76 silly currentTree +-- regex-not@1.0.2
76 silly currentTree +-- regexp-clone@0.0.1
76 silly currentTree +-- remove-trailing-separator@1.1.0
76 silly currentTree +-- repeat-element@1.1.3
76 silly currentTree +-- repeat-string@1.6.1
76 silly currentTree +-- request@2.88.0
76 silly currentTree | +-- qs@6.5.2
76 silly currentTree | `-- safe-buffer@5.1.2
76 silly currentTree +-- require_optional@1.0.1
76 silly currentTree +-- resolve-from@2.0.0
76 silly currentTree +-- resolve-url@0.2.1
76 silly currentTree +-- ret@0.1.15
76 silly currentTree +-- retry@0.10.1
76 silly currentTree +-- rootpath@0.1.2
76 silly currentTree +-- rxjs@6.2.2
76 silly currentTree +-- safe-buffer@5.1.1
76 silly currentTree +-- safe-regex@1.1.0
76 silly currentTree +-- safer-buffer@2.1.2
76 silly currentTree +-- saslprep@1.0.2
76 silly currentTree +-- scmp@2.0.0
76 silly currentTree +-- semver-intersect@1.4.0
76 silly currentTree +-- semver@5.5.1
76 silly currentTree +-- send@0.16.2
76 silly currentTree +-- serve-favicon@2.5.0
76 silly currentTree | `-- ms@2.1.1
76 silly currentTree +-- serve-static@1.13.2
76 silly currentTree +-- set-blocking@2.0.0
76 silly currentTree +-- set-value@2.0.0
76 silly currentTree | `-- extend-shallow@2.0.1
76 silly currentTree +-- setprototypeof@1.1.0
76 silly currentTree +-- signal-exit@3.0.2
76 silly currentTree +-- sliced@1.0.1
76 silly currentTree +-- slide@1.1.6
76 silly currentTree +-- snapdragon-node@2.1.1
76 silly currentTree | +-- define-property@1.0.0
76 silly currentTree | +-- is-accessor-descriptor@1.0.0
76 silly currentTree | +-- is-data-descriptor@1.0.0
76 silly currentTree | `-- is-descriptor@1.0.2
76 silly currentTree +-- snapdragon-util@3.0.1
76 silly currentTree | `-- kind-of@3.2.2
76 silly currentTree +-- snapdragon@0.8.2
76 silly currentTree | +-- define-property@0.2.5
76 silly currentTree | `-- extend-shallow@2.0.1
76 silly currentTree +-- source-map-resolve@0.5.2
76 silly currentTree +-- source-map-url@0.4.0
76 silly currentTree +-- source-map@0.5.7
76 silly currentTree +-- sparse-bitfield@3.0.3
76 silly currentTree +-- spdx-correct@3.0.1
76 silly currentTree +-- spdx-exceptions@2.2.0
76 silly currentTree +-- spdx-expression-parse@3.0.0
76 silly currentTree +-- spdx-license-ids@3.0.1
76 silly currentTree +-- split-string@3.1.0
76 silly currentTree +-- sshpk@1.14.2
76 silly currentTree +-- ssri@5.3.0
76 silly currentTree +-- static-extend@0.1.2
76 silly currentTree | `-- define-property@0.2.5
76 silly currentTree +-- statuses@1.4.0
76 silly currentTree +-- string_decoder@1.1.1
76 silly currentTree +-- string-width@1.0.2
76 silly currentTree +-- strip-ansi@3.0.1
76 silly currentTree +-- symbol-observable@1.2.0
76 silly currentTree +-- to-object-path@0.3.0
76 silly currentTree | `-- kind-of@3.2.2
76 silly currentTree +-- to-regex-range@2.1.1
76 silly currentTree +-- to-regex@3.0.2
76 silly currentTree +-- tough-cookie@2.4.3
76 silly currentTree | `-- punycode@1.4.1
76 silly currentTree +-- tslib@1.9.3
76 silly currentTree +-- tunnel-agent@0.6.0
76 silly currentTree +-- tweetnacl@0.14.5
76 silly currentTree +-- twilio@3.30.3
76 silly currentTree | `-- moment@2.19.3
76 silly currentTree +-- type-is@1.6.16
76 silly currentTree +-- typedarray@0.0.6
76 silly currentTree +-- typescript@2.9.2
76 silly currentTree +-- tz-offset@0.0.1
76 silly currentTree +-- union-value@1.0.0
76 silly currentTree | +-- extend-shallow@2.0.1
76 silly currentTree | `-- set-value@0.4.3
76 silly currentTree +-- unpipe@1.0.0
76 silly currentTree +-- unset-value@1.0.0
76 silly currentTree | +-- has-value@0.3.1
76 silly currentTree | | `-- isobject@2.1.0
76 silly currentTree | `-- has-values@0.1.4
76 silly currentTree +-- upath@1.1.0
76 silly currentTree +-- uri-js@3.0.2
76 silly currentTree +-- urix@0.1.0
76 silly currentTree +-- use@3.1.1
76 silly currentTree +-- util-deprecate@1.0.2
76 silly currentTree +-- utils-merge@1.0.1
76 silly currentTree +-- uuid@3.3.2
76 silly currentTree +-- validate-npm-package-license@3.0.4
76 silly currentTree +-- validate-npm-package-name@3.0.0
76 silly currentTree +-- vary@1.1.2
76 silly currentTree +-- verror@1.10.0
76 silly currentTree +-- weak-map@1.0.5
76 silly currentTree +-- whatwg-fetch@3.0.0
76 silly currentTree +-- wide-align@1.1.3
76 silly currentTree +-- wrappy@1.0.2
76 silly currentTree +-- xmlbuilder@9.0.1
76 silly currentTree `-- yargs-parser@10.1.0
77 silly idealTree chunk-money@1.0.0
77 silly idealTree +-- @angular-devkit/architect@0.8.4
77 silly idealTree +-- @angular-devkit/core@0.8.4
77 silly idealTree +-- @angular-devkit/schematics@0.8.4
77 silly idealTree +-- @angular/cli@6.2.4
77 silly idealTree +-- @schematics/angular@0.8.4
77 silly idealTree +-- @schematics/update@0.8.4
77 silly idealTree +-- @types/body-parser@1.17.0
77 silly idealTree +-- @types/connect@3.4.32
77 silly idealTree +-- @types/express-serve-static-core@4.16.4
77 silly idealTree +-- @types/express@4.16.1
77 silly idealTree +-- @types/form-data@2.2.1
77 silly idealTree +-- @types/mime@2.0.1
77 silly idealTree +-- @types/node@9.6.42
77 silly idealTree +-- @types/range-parser@1.2.3
77 silly idealTree +-- @types/request@0.0.36
77 silly idealTree +-- @types/serve-static@1.13.2
77 silly idealTree +-- accepts@1.3.5
77 silly idealTree +-- ajv@6.4.0
77 silly idealTree | `-- json-schema-traverse@0.3.1
77 silly idealTree +-- ansi-regex@2.1.1
77 silly idealTree +-- anymatch@2.0.0
77 silly idealTree +-- aproba@1.2.0
77 silly idealTree +-- are-we-there-yet@1.1.5
77 silly idealTree +-- arr-diff@4.0.0
77 silly idealTree +-- arr-flatten@1.1.0
77 silly idealTree +-- arr-union@3.1.0
77 silly idealTree +-- array-flatten@1.1.1
77 silly idealTree +-- array-unique@0.3.2
77 silly idealTree +-- asap@2.0.6
77 silly idealTree +-- asn1@0.2.4
77 silly idealTree +-- assert-plus@1.0.0
77 silly idealTree +-- assign-symbols@1.0.0
77 silly idealTree +-- async-each@1.0.1
77 silly idealTree +-- async@2.6.1
77 silly idealTree +-- asynckit@0.4.0
77 silly idealTree +-- atob@2.1.2
77 silly idealTree +-- aws-sign2@0.7.0
77 silly idealTree +-- aws4@1.8.0
77 silly idealTree +-- base@0.11.2
77 silly idealTree | +-- define-property@1.0.0
77 silly idealTree | +-- is-accessor-descriptor@1.0.0
77 silly idealTree | +-- is-data-descriptor@1.0.0
77 silly idealTree | `-- is-descriptor@1.0.2
77 silly idealTree +-- basic-auth@2.0.1
77 silly idealTree | `-- safe-buffer@5.1.2
77 silly idealTree +-- bcrypt-pbkdf@1.0.2
77 silly idealTree +-- binary-extensions@1.12.0
77 silly idealTree +-- bluebird@3.5.1
77 silly idealTree +-- body-parser@1.18.3
77 silly idealTree | `-- qs@6.5.2
77 silly idealTree +-- braces@2.3.2
77 silly idealTree | `-- extend-shallow@2.0.1
77 silly idealTree +-- bson@1.0.9
77 silly idealTree +-- buffer-equal-constant-time@1.0.1
77 silly idealTree +-- buffer-from@1.1.1
77 silly idealTree +-- builtin-modules@1.1.1
77 silly idealTree +-- builtins@1.0.3
77 silly idealTree +-- bytes@3.0.0
77 silly idealTree +-- cache-base@1.0.1
77 silly idealTree +-- camelcase@4.1.0
77 silly idealTree +-- caseless@0.12.0
77 silly idealTree +-- chokidar@2.0.4
77 silly idealTree +-- class-utils@0.3.6
77 silly idealTree | `-- define-property@0.2.5
77 silly idealTree +-- co@4.6.0
77 silly idealTree +-- code-point-at@1.1.0
77 silly idealTree +-- collection-visit@1.0.0
77 silly idealTree +-- combined-stream@1.0.7
77 silly idealTree +-- component-emitter@1.2.1
77 silly idealTree +-- concat-stream@1.6.2
77 silly idealTree +-- console-control-strings@1.1.0
77 silly idealTree +-- content-disposition@0.5.2
77 silly idealTree +-- content-type@1.0.4
77 silly idealTree +-- cookie-parser@1.4.4
77 silly idealTree +-- cookie-signature@1.0.6
77 silly idealTree +-- cookie@0.3.1
77 silly idealTree +-- copy-descriptor@0.1.1
77 silly idealTree +-- core-util-is@1.0.2
77 silly idealTree +-- cors@2.8.4
77 silly idealTree +-- dashdash@1.14.1
77 silly idealTree +-- debug@2.6.9
77 silly idealTree +-- decode-uri-component@0.2.0
77 silly idealTree +-- define-property@2.0.2
77 silly idealTree | +-- is-accessor-descriptor@1.0.0
77 silly idealTree | +-- is-data-descriptor@1.0.0
77 silly idealTree | `-- is-descriptor@1.0.2
77 silly idealTree +-- delayed-stream@1.0.0
77 silly idealTree +-- delegates@1.0.0
77 silly idealTree +-- depd@1.1.2
77 silly idealTree +-- deprecate@1.0.0
77 silly idealTree +-- destroy@1.0.4
77 silly idealTree +-- ecc-jsbn@0.1.2
77 silly idealTree +-- ecdsa-sig-formatter@1.0.11
77 silly idealTree +-- ee-first@1.1.1
77 silly idealTree +-- encodeurl@1.0.2
77 silly idealTree +-- encoding@0.1.12
77 silly idealTree +-- envvar@2.0.0
77 silly idealTree +-- es6-promise@4.2.5
77 silly idealTree +-- escape-html@1.0.3
77 silly idealTree +-- etag@1.8.1
77 silly idealTree +-- expand-brackets@2.1.4
77 silly idealTree | +-- define-property@0.2.5
77 silly idealTree | `-- extend-shallow@2.0.1
77 silly idealTree +-- express-jwt@5.3.1
77 silly idealTree | `-- async@1.5.2
77 silly idealTree +-- express-unless@0.3.1
77 silly idealTree +-- express@4.16.3
77 silly idealTree | +-- body-parser@1.18.2
77 silly idealTree | +-- iconv-lite@0.4.19
77 silly idealTree | `-- raw-body@2.3.2
77 silly idealTree |   +-- depd@1.1.1
77 silly idealTree |   +-- http-errors@1.6.2
77 silly idealTree |   `-- setprototypeof@1.0.3
77 silly idealTree +-- extend-shallow@3.0.2
77 silly idealTree | `-- is-extendable@1.0.1
77 silly idealTree +-- extend@3.0.2
77 silly idealTree +-- extglob@2.0.4
77 silly idealTree | +-- define-property@1.0.0
77 silly idealTree | +-- extend-shallow@2.0.1
77 silly idealTree | +-- is-accessor-descriptor@1.0.0
77 silly idealTree | +-- is-data-descriptor@1.0.0
77 silly idealTree | `-- is-descriptor@1.0.2
77 silly idealTree +-- extsprintf@1.3.0
77 silly idealTree +-- fast-deep-equal@1.1.0
77 silly idealTree +-- fast-json-stable-stringify@2.0.0
77 silly idealTree +-- fill-range@4.0.0
77 silly idealTree | `-- extend-shallow@2.0.1
77 silly idealTree +-- finalhandler@1.1.1
77 silly idealTree +-- for-in@1.0.2
77 silly idealTree +-- forever-agent@0.6.1
77 silly idealTree +-- form-data@2.3.2
77 silly idealTree | `-- combined-stream@1.0.6
77 silly idealTree +-- forwarded@0.1.2
77 silly idealTree +-- fragment-cache@0.2.1
77 silly idealTree +-- fresh@0.5.2
77 silly idealTree +-- gauge@2.7.4
77 silly idealTree +-- get-value@2.0.6
77 silly idealTree +-- getpass@0.1.7
77 silly idealTree +-- glob-parent@3.1.0
77 silly idealTree | `-- is-glob@3.1.0
77 silly idealTree +-- graceful-fs@4.1.11
77 silly idealTree +-- har-schema@2.0.0
77 silly idealTree +-- har-validator@5.1.0
77 silly idealTree | +-- ajv@5.5.2
77 silly idealTree | `-- json-schema-traverse@0.3.1
77 silly idealTree +-- has-unicode@2.0.1
77 silly idealTree +-- has-value@1.0.0
77 silly idealTree +-- has-values@1.0.0
77 silly idealTree | `-- kind-of@4.0.0
77 silly idealTree +-- hosted-git-info@2.7.1
77 silly idealTree +-- http-errors@1.6.3
77 silly idealTree +-- http-signature@1.2.0
77 silly idealTree +-- iconv-lite@0.4.23
77 silly idealTree +-- inherits@2.0.3
77 silly idealTree +-- ipaddr.js@1.8.0
77 silly idealTree +-- is-accessor-descriptor@0.1.6
77 silly idealTree | `-- kind-of@3.2.2
77 silly idealTree +-- is-binary-path@1.0.1
77 silly idealTree +-- is-buffer@1.1.6
77 silly idealTree +-- is-builtin-module@1.0.0
77 silly idealTree +-- is-data-descriptor@0.1.4
77 silly idealTree | `-- kind-of@3.2.2
77 silly idealTree +-- is-descriptor@0.1.6
77 silly idealTree | `-- kind-of@5.1.0
77 silly idealTree +-- is-extendable@0.1.1
77 silly idealTree +-- is-extglob@2.1.1
77 silly idealTree +-- is-fullwidth-code-point@1.0.0
77 silly idealTree +-- is-glob@4.0.0
77 silly idealTree +-- is-number@3.0.0
77 silly idealTree | `-- kind-of@3.2.2
77 silly idealTree +-- is-plain-object@2.0.4
77 silly idealTree +-- is-stream@1.1.0
77 silly idealTree +-- is-typedarray@1.0.0
77 silly idealTree +-- is-windows@1.0.2
77 silly idealTree +-- is-wsl@1.1.0
77 silly idealTree +-- isarray@1.0.0
77 silly idealTree +-- isobject@3.0.1
77 silly idealTree +-- isomorphic-fetch@2.2.1
77 silly idealTree +-- isstream@0.1.2
77 silly idealTree +-- jsbn@0.1.1
77 silly idealTree +-- json-schema-traverse@0.4.1
77 silly idealTree +-- json-schema@0.2.3
77 silly idealTree +-- json-stringify-safe@5.0.1
77 silly idealTree +-- jsonwebtoken@8.5.1
77 silly idealTree | +-- ms@2.1.1
77 silly idealTree | `-- semver@5.7.0
77 silly idealTree +-- jsprim@1.4.1
77 silly idealTree +-- jwa@1.4.1
77 silly idealTree +-- jws@3.2.2
77 silly idealTree +-- kareem@2.3.0
77 silly idealTree +-- kind-of@6.0.2
77 silly idealTree +-- lodash.debounce@4.0.8
77 silly idealTree +-- lodash.get@4.4.2
77 silly idealTree +-- lodash.includes@4.3.0
77 silly idealTree +-- lodash.isboolean@3.0.3
77 silly idealTree +-- lodash.isinteger@4.0.4
77 silly idealTree +-- lodash.isnumber@3.0.3
77 silly idealTree +-- lodash.isplainobject@4.0.6
77 silly idealTree +-- lodash.isstring@4.0.1
77 silly idealTree +-- lodash.once@4.1.1
77 silly idealTree +-- lodash.set@4.3.2
77 silly idealTree +-- lodash@4.17.11
77 silly idealTree +-- map-cache@0.2.2
77 silly idealTree +-- map-visit@1.0.0
77 silly idealTree +-- media-typer@0.3.0
77 silly idealTree +-- memory-pager@1.1.0
77 silly idealTree +-- merge-descriptors@1.0.1
77 silly idealTree +-- methods@1.1.2
77 silly idealTree +-- micromatch@3.1.10
77 silly idealTree +-- mime-db@1.36.0
77 silly idealTree +-- mime-types@2.1.20
77 silly idealTree +-- mime@1.4.1
77 silly idealTree +-- mixin-deep@1.3.1
77 silly idealTree | `-- is-extendable@1.0.1
77 silly idealTree +-- moment-timezone@0.5.21
77 silly idealTree +-- moment@2.22.2
77 silly idealTree +-- mongodb-core@3.1.5
77 silly idealTree | +-- bson@1.1.0
77 silly idealTree | `-- safe-buffer@5.1.2
77 silly idealTree +-- mongodb@3.1.6
77 silly idealTree | `-- safe-buffer@5.1.2
77 silly idealTree +-- mongoose-legacy-pluralize@1.0.2
77 silly idealTree +-- mongoose@5.3.1
77 silly idealTree | `-- safe-buffer@5.1.2
77 silly idealTree +-- morgan@1.9.1
77 silly idealTree +-- mpath@0.5.1
77 silly idealTree +-- mquery@3.2.0
77 silly idealTree | +-- debug@3.1.0
77 silly idealTree | `-- safe-buffer@5.1.2
77 silly idealTree +-- ms@2.0.0
77 silly idealTree +-- mx-atrium@0.0.10
77 silly idealTree +-- nanomatch@1.2.13
77 silly idealTree +-- negotiator@0.6.1
77 silly idealTree +-- node-cron@2.0.3
77 silly idealTree +-- node-fetch@1.7.3
77 silly idealTree +-- nodemailer@6.1.1
77 silly idealTree +-- normalize-package-data@2.4.0
77 silly idealTree +-- normalize-path@2.1.1
77 silly idealTree +-- npm-package-arg@6.1.0
77 silly idealTree +-- npm-registry-client@8.6.0
77 silly idealTree +-- npmlog@4.1.2
77 silly idealTree +-- number-is-nan@1.0.1
77 silly idealTree +-- oauth-sign@0.9.0
77 silly idealTree +-- object-assign@4.1.1
77 silly idealTree +-- object-copy@0.1.0
77 silly idealTree | +-- define-property@0.2.5
77 silly idealTree | `-- kind-of@3.2.2
77 silly idealTree +-- object-visit@1.0.1
77 silly idealTree +-- object.pick@1.3.0
77 silly idealTree +-- on-finished@2.3.0
77 silly idealTree +-- on-headers@1.0.2
77 silly idealTree +-- once@1.4.0
77 silly idealTree +-- opencollective-postinstall@2.0.2
77 silly idealTree +-- opn@5.4.0
77 silly idealTree +-- os-homedir@1.0.2
77 silly idealTree +-- os-tmpdir@1.0.2
77 silly idealTree +-- osenv@0.1.5
77 silly idealTree +-- parseurl@1.3.2
77 silly idealTree +-- pascalcase@0.1.1
77 silly idealTree +-- passport-local@1.0.0
77 silly idealTree +-- passport-strategy@1.0.0
77 silly idealTree +-- passport@0.4.0
77 silly idealTree +-- path-dirname@1.0.2
77 silly idealTree +-- path-is-absolute@1.0.1
77 silly idealTree +-- path-to-regexp@0.1.7
77 silly idealTree +-- pause@0.0.1
77 silly idealTree +-- performance-now@2.1.0
77 silly idealTree +-- plaid@2.10.0
77 silly idealTree +-- pop-iterate@1.0.1
77 silly idealTree +-- posix-character-classes@0.1.1
77 silly idealTree +-- process-nextick-args@2.0.0
77 silly idealTree +-- proxy-addr@2.0.4
77 silly idealTree +-- psl@1.1.29
77 silly idealTree +-- punycode@2.1.1
77 silly idealTree +-- q@2.0.3
77 silly idealTree +-- qs@6.5.1
77 silly idealTree +-- ramda@0.23.0
77 silly idealTree +-- range-parser@1.2.0
77 silly idealTree +-- raw-body@2.3.3
77 silly idealTree +-- readable-stream@2.3.6
77 silly idealTree +-- readdirp@2.2.1
77 silly idealTree +-- regex-not@1.0.2
77 silly idealTree +-- regexp-clone@0.0.1
77 silly idealTree +-- remove-trailing-separator@1.1.0
77 silly idealTree +-- repeat-element@1.1.3
77 silly idealTree +-- repeat-string@1.6.1
77 silly idealTree +-- request@2.88.0
77 silly idealTree | +-- qs@6.5.2
77 silly idealTree | `-- safe-buffer@5.1.2
77 silly idealTree +-- require_optional@1.0.1
77 silly idealTree +-- resolve-from@2.0.0
77 silly idealTree +-- resolve-url@0.2.1
77 silly idealTree +-- ret@0.1.15
77 silly idealTree +-- retry@0.10.1
77 silly idealTree +-- rootpath@0.1.2
77 silly idealTree +-- rxjs@6.2.2
77 silly idealTree +-- safe-buffer@5.1.1
77 silly idealTree +-- safe-regex@1.1.0
77 silly idealTree +-- safer-buffer@2.1.2
77 silly idealTree +-- saslprep@1.0.2
77 silly idealTree +-- scmp@2.0.0
77 silly idealTree +-- semver-intersect@1.4.0
77 silly idealTree +-- semver@5.5.1
77 silly idealTree +-- send@0.16.2
77 silly idealTree +-- serve-favicon@2.5.0
77 silly idealTree | `-- ms@2.1.1
77 silly idealTree +-- serve-static@1.13.2
77 silly idealTree +-- set-blocking@2.0.0
77 silly idealTree +-- set-value@2.0.0
77 silly idealTree | `-- extend-shallow@2.0.1
77 silly idealTree +-- setprototypeof@1.1.0
77 silly idealTree +-- signal-exit@3.0.2
77 silly idealTree +-- sliced@1.0.1
77 silly idealTree +-- slide@1.1.6
77 silly idealTree +-- snapdragon-node@2.1.1
77 silly idealTree | +-- define-property@1.0.0
77 silly idealTree | +-- is-accessor-descriptor@1.0.0
77 silly idealTree | +-- is-data-descriptor@1.0.0
77 silly idealTree | `-- is-descriptor@1.0.2
77 silly idealTree +-- snapdragon-util@3.0.1
77 silly idealTree | `-- kind-of@3.2.2
77 silly idealTree +-- snapdragon@0.8.2
77 silly idealTree | +-- define-property@0.2.5
77 silly idealTree | `-- extend-shallow@2.0.1
77 silly idealTree +-- source-map-resolve@0.5.2
77 silly idealTree +-- source-map-url@0.4.0
77 silly idealTree +-- source-map@0.5.7
77 silly idealTree +-- sparse-bitfield@3.0.3
77 silly idealTree +-- spdx-correct@3.0.1
77 silly idealTree +-- spdx-exceptions@2.2.0
77 silly idealTree +-- spdx-expression-parse@3.0.0
77 silly idealTree +-- spdx-license-ids@3.0.1
77 silly idealTree +-- split-string@3.1.0
77 silly idealTree +-- sshpk@1.14.2
77 silly idealTree +-- ssri@5.3.0
77 silly idealTree +-- static-extend@0.1.2
77 silly idealTree | `-- define-property@0.2.5
77 silly idealTree +-- statuses@1.4.0
77 silly idealTree +-- string_decoder@1.1.1
77 silly idealTree +-- string-width@1.0.2
77 silly idealTree +-- strip-ansi@3.0.1
77 silly idealTree +-- symbol-observable@1.2.0
77 silly idealTree +-- to-object-path@0.3.0
77 silly idealTree | `-- kind-of@3.2.2
77 silly idealTree +-- to-regex-range@2.1.1
77 silly idealTree +-- to-regex@3.0.2
77 silly idealTree +-- tough-cookie@2.4.3
77 silly idealTree | `-- punycode@1.4.1
77 silly idealTree +-- tslib@1.9.3
77 silly idealTree +-- tunnel-agent@0.6.0
77 silly idealTree +-- tweetnacl@0.14.5
77 silly idealTree +-- twilio@3.30.3
77 silly idealTree | `-- moment@2.19.3
77 silly idealTree +-- type-is@1.6.16
77 silly idealTree +-- typedarray@0.0.6
77 silly idealTree +-- typescript@2.9.2
77 silly idealTree +-- tz-offset@0.0.1
77 silly idealTree +-- union-value@1.0.0
77 silly idealTree | +-- extend-shallow@2.0.1
77 silly idealTree | `-- set-value@0.4.3
77 silly idealTree +-- unpipe@1.0.0
77 silly idealTree +-- unset-value@1.0.0
77 silly idealTree | +-- has-value@0.3.1
77 silly idealTree | | `-- isobject@2.1.0
77 silly idealTree | `-- has-values@0.1.4
77 silly idealTree +-- upath@1.1.0
77 silly idealTree +-- uri-js@3.0.2
77 silly idealTree +-- urix@0.1.0
77 silly idealTree +-- use@3.1.1
77 silly idealTree +-- util-deprecate@1.0.2
77 silly idealTree +-- utils-merge@1.0.1
77 silly idealTree +-- uuid@3.3.2
77 silly idealTree +-- validate-npm-package-license@3.0.4
77 silly idealTree +-- validate-npm-package-name@3.0.0
77 silly idealTree +-- vary@1.1.2
77 silly idealTree +-- verror@1.10.0
77 silly idealTree +-- weak-map@1.0.5
77 silly idealTree +-- whatwg-fetch@3.0.0
77 silly idealTree +-- wide-align@1.1.3
77 silly idealTree +-- wrappy@1.0.2
77 silly idealTree +-- xmlbuilder@9.0.1
77 silly idealTree `-- yargs-parser@10.1.0
78 silly generateActionsToTake Starting
79 silly install generateActionsToTake
80 silly generateActionsToTake Finishing
81 silly diffTrees action count 3
82 silly diffTrees update envvar@2.0.0
83 silly diffTrees update mx-atrium@0.0.10
84 silly diffTrees add node-cron@2.0.3
85 silly decomposeActions action count 24
86 silly decomposeActions fetch envvar@2.0.0
87 silly decomposeActions extract envvar@2.0.0
88 silly decomposeActions test envvar@2.0.0
89 silly decomposeActions preinstall envvar@2.0.0
90 silly decomposeActions build envvar@2.0.0
91 silly decomposeActions install envvar@2.0.0
92 silly decomposeActions postinstall envvar@2.0.0
93 silly decomposeActions finalize envvar@2.0.0
94 silly decomposeActions fetch mx-atrium@0.0.10
95 silly decomposeActions extract mx-atrium@0.0.10
96 silly decomposeActions test mx-atrium@0.0.10
97 silly decomposeActions preinstall mx-atrium@0.0.10
98 silly decomposeActions build mx-atrium@0.0.10
99 silly decomposeActions install mx-atrium@0.0.10
100 silly decomposeActions postinstall mx-atrium@0.0.10
101 silly decomposeActions finalize mx-atrium@0.0.10
102 silly decomposeActions fetch node-cron@2.0.3
103 silly decomposeActions extract node-cron@2.0.3
104 silly decomposeActions test node-cron@2.0.3
105 silly decomposeActions preinstall node-cron@2.0.3
106 silly decomposeActions build node-cron@2.0.3
107 silly decomposeActions install node-cron@2.0.3
108 silly decomposeActions postinstall node-cron@2.0.3
109 silly decomposeActions finalize node-cron@2.0.3
110 silly executeActions Starting
111 silly install executeActions
112 silly doSerial global-install 0
113 silly doParallel fetch 3
114 verbose lock using /home/god/.npm/_locks/staging-7d87633b6f151e34.lock for /home/god/Downloads/049/049/server/node_modules/.staging
115 silly doParallel extract 3
116 silly extract envvar@2.0.0
117 silly extract mx-atrium@0.0.10
118 silly extract node-cron@2.0.3
119 silly addNamed envvar@2.0.0
120 verbose addNamed "2.0.0" is a plain semver version for envvar
121 silly mapToRegistry name envvar
122 silly mapToRegistry using default registry
123 silly mapToRegistry registry https://registry.npmjs.org/
124 silly mapToRegistry uri https://registry.npmjs.org/envvar
125 verbose addNameVersion registry:https://registry.npmjs.org/envvar not in flight; fetching
126 silly addNamed mx-atrium@0.0.10
127 verbose addNamed "0.0.10" is a plain semver version for mx-atrium
128 silly mapToRegistry name mx-atrium
129 silly mapToRegistry using default registry
130 silly mapToRegistry registry https://registry.npmjs.org/
131 silly mapToRegistry uri https://registry.npmjs.org/mx-atrium
132 verbose addNameVersion registry:https://registry.npmjs.org/mx-atrium not in flight; fetching
133 verbose unbuild node_modules/.staging/node-cron-9af53ecf
134 verbose request uri https://registry.npmjs.org/envvar
135 verbose request no auth needed
136 info attempt registry request try #1 at 7:12:02 PM
137 verbose etag W/"877c3822acaac99f91b9bdb00c6d0e7c"
138 verbose lastModified Sat, 26 May 2018 23:37:01 GMT
139 http request GET https://registry.npmjs.org/envvar
140 verbose request uri https://registry.npmjs.org/mx-atrium
141 verbose request no auth needed
142 info attempt registry request try #1 at 7:12:02 PM
143 verbose etag W/"45c09223493a818128768eeaac0b2541"
144 verbose lastModified Wed, 15 May 2019 17:10:22 GMT
145 http request GET https://registry.npmjs.org/mx-atrium
146 silly gentlyRm /home/god/Downloads/049/049/server/node_modules/.staging/node-cron-9af53ecf is being purged from base /home/god/Downloads/049/049/server
147 verbose gentlyRm don't care about contents; nuking /home/god/Downloads/049/049/server/node_modules/.staging/node-cron-9af53ecf
148 verbose tar unpack /home/god/.npm/node-cron/2.0.3/package.tgz
149 verbose tar unpacking to /home/god/Downloads/049/049/server/node_modules/.staging/node-cron-9af53ecf
150 silly gentlyRm /home/god/Downloads/049/049/server/node_modules/.staging/node-cron-9af53ecf is being purged
151 verbose gentlyRm don't care about contents; nuking /home/god/Downloads/049/049/server/node_modules/.staging/node-cron-9af53ecf
152 silly gunzTarPerm modes [ '775', '664' ]
153 silly gunzTarPerm extractEntry package.json
154 silly gunzTarPerm modified mode [ 'package.json', 420, 436 ]
155 silly gunzTarPerm extractEntry .covignore
156 silly gunzTarPerm modified mode [ '.covignore', 420, 436 ]
157 silly gunzTarPerm extractEntry .hound.yml
158 silly gunzTarPerm modified mode [ '.hound.yml', 420, 436 ]
159 http 304 https://registry.npmjs.org/envvar
160 verbose headers { date: 'Fri, 21 Jun 2019 13:42:02 GMT',
160 verbose headers   connection: 'keep-alive',
160 verbose headers   'set-cookie':
160 verbose headers    [ '__cfduid=dc5d4b2f24e201e2d96f1b28e933765fa1561124522; expires=Sat, 20-Jun-20 13:42:02 GMT; path=/; domain=.npmjs.org; HttpOnly' ],
160 verbose headers   'cf-cache-status': 'HIT',
160 verbose headers   'cache-control': 'max-age=300',
160 verbose headers   'cf-ray': '4ea66748189ad5ab-BOM',
160 verbose headers   etag: '"877c3822acaac99f91b9bdb00c6d0e7c"',
160 verbose headers   'expect-ct': 'max-age=604800, report-uri="https://report-uri.cloudflare.com/cdn-cgi/beacon/expect-ct"',
160 verbose headers   'last-modified': 'Sat, 26 May 2018 23:37:01 GMT',
160 verbose headers   vary: 'accept-encoding, accept',
160 verbose headers   server: 'cloudflare' }
161 silly get cb [ 304,
161 silly get   { date: 'Fri, 21 Jun 2019 13:42:02 GMT',
161 silly get     connection: 'keep-alive',
161 silly get     'set-cookie':
161 silly get      [ '__cfduid=dc5d4b2f24e201e2d96f1b28e933765fa1561124522; expires=Sat, 20-Jun-20 13:42:02 GMT; path=/; domain=.npmjs.org; HttpOnly' ],
161 silly get     'cf-cache-status': 'HIT',
161 silly get     'cache-control': 'max-age=300',
161 silly get     'cf-ray': '4ea66748189ad5ab-BOM',
161 silly get     etag: '"877c3822acaac99f91b9bdb00c6d0e7c"',
161 silly get     'expect-ct': 'max-age=604800, report-uri="https://report-uri.cloudflare.com/cdn-cgi/beacon/expect-ct"',
161 silly get     'last-modified': 'Sat, 26 May 2018 23:37:01 GMT',
161 silly get     vary: 'accept-encoding, accept',
161 silly get     server: 'cloudflare' } ]
162 verbose etag https://registry.npmjs.org/envvar from cache
163 verbose get saving envvar to /home/god/.npm/registry.npmjs.org/envvar/.cache.json
164 silly gunzTarPerm extractEntry .jshintignore
165 silly gunzTarPerm modified mode [ '.jshintignore', 420, 436 ]
166 silly gunzTarPerm extractEntry .jshintrc
167 silly gunzTarPerm modified mode [ '.jshintrc', 420, 436 ]
168 silly gunzTarPerm extractEntry .travis.yml
169 silly gunzTarPerm modified mode [ '.travis.yml', 420, 436 ]
170 silly gunzTarPerm extractEntry LICENSE.md
171 silly gunzTarPerm modified mode [ 'LICENSE.md', 420, 436 ]
172 silly mapToRegistry name envvar
173 silly mapToRegistry using default registry
174 silly mapToRegistry registry https://registry.npmjs.org/
175 silly mapToRegistry uri https://registry.npmjs.org/envvar
176 verbose addRemoteTarball https://registry.npmjs.org/envvar/-/envvar-2.0.0.tgz not in flight; adding
177 verbose addRemoteTarball [ 'https://registry.npmjs.org/envvar/-/envvar-2.0.0.tgz',
177 verbose addRemoteTarball   '71ec0cd0f985539a3046d4f4da56c67d7c2bf03f' ]
178 info retry fetch attempt 1 at 7:12:02 PM
179 info attempt registry request try #1 at 7:12:02 PM
180 http fetch GET https://registry.npmjs.org/envvar/-/envvar-2.0.0.tgz
181 silly gunzTarPerm extractEntry README.md
182 silly gunzTarPerm modified mode [ 'README.md', 420, 436 ]
183 silly gunzTarPerm extractEntry .github/stale.yml
184 silly gunzTarPerm modified mode [ '.github/stale.yml', 420, 436 ]
185 silly gunzTarPerm extractEntry src/convert-expression/asterisk-to-range-conversion.js
186 silly gunzTarPerm modified mode [ 'src/convert-expression/asterisk-to-range-conversion.js',
186 silly gunzTarPerm   420,
186 silly gunzTarPerm   436 ]
187 silly gunzTarPerm extractEntry src/convert-expression/index.js
188 silly gunzTarPerm modified mode [ 'src/convert-expression/index.js', 420, 436 ]
189 silly gunzTarPerm extractEntry src/convert-expression/month-names-conversion.js
190 silly gunzTarPerm modified mode [ 'src/convert-expression/month-names-conversion.js', 420, 436 ]
191 silly gunzTarPerm extractEntry src/convert-expression/range-conversion.js
192 silly gunzTarPerm modified mode [ 'src/convert-expression/range-conversion.js', 420, 436 ]
193 silly gunzTarPerm extractEntry src/convert-expression/step-values-conversion.js
194 silly gunzTarPerm modified mode [ 'src/convert-expression/step-values-conversion.js', 420, 436 ]
195 silly gunzTarPerm extractEntry src/convert-expression/week-day-names-conversion.js
196 silly gunzTarPerm modified mode [ 'src/convert-expression/week-day-names-conversion.js',
196 silly gunzTarPerm   420,
196 silly gunzTarPerm   436 ]
197 silly gunzTarPerm extractEntry src/node-cron.js
198 silly gunzTarPerm modified mode [ 'src/node-cron.js', 420, 436 ]
199 silly gunzTarPerm extractEntry src/pattern-validation.js
200 silly gunzTarPerm modified mode [ 'src/pattern-validation.js', 420, 436 ]
201 silly gunzTarPerm extractEntry src/scheduled-task.js
202 silly gunzTarPerm modified mode [ 'src/scheduled-task.js', 420, 436 ]
203 silly gunzTarPerm extractEntry src/task.js
204 silly gunzTarPerm modified mode [ 'src/task.js', 420, 436 ]
205 silly gunzTarPerm extractEntry test/convert-expression/asterisk-to-range-conversion-test.js
206 silly gunzTarPerm modified mode [ 'test/convert-expression/asterisk-to-range-conversion-test.js',
206 silly gunzTarPerm   420,
206 silly gunzTarPerm   436 ]
207 silly gunzTarPerm extractEntry test/convert-expression/convert-expression-test.js
208 silly gunzTarPerm modified mode [ 'test/convert-expression/convert-expression-test.js',
208 silly gunzTarPerm   420,
208 silly gunzTarPerm   436 ]
209 silly gunzTarPerm extractEntry test/convert-expression/month-names-conversion-test.js
210 silly gunzTarPerm modified mode [ 'test/convert-expression/month-names-conversion-test.js',
210 silly gunzTarPerm   420,
210 silly gunzTarPerm   436 ]
211 silly gunzTarPerm extractEntry test/convert-expression/range-conversion-test.js
212 silly gunzTarPerm modified mode [ 'test/convert-expression/range-conversion-test.js', 420, 436 ]
213 silly gunzTarPerm extractEntry test/convert-expression/step-values-conversion-test.js
214 silly gunzTarPerm modified mode [ 'test/convert-expression/step-values-conversion-test.js',
214 silly gunzTarPerm   420,
214 silly gunzTarPerm   436 ]
215 silly gunzTarPerm extractEntry test/convert-expression/week-day-names-conversion-test.js
216 silly gunzTarPerm modified mode [ 'test/convert-expression/week-day-names-conversion-test.js',
216 silly gunzTarPerm   420,
216 silly gunzTarPerm   436 ]
217 silly gunzTarPerm extractEntry test/defer-start-test.js
218 silly gunzTarPerm modified mode [ 'test/defer-start-test.js', 420, 436 ]
219 silly gunzTarPerm extractEntry test/destroy-task-test.js
220 silly gunzTarPerm modified mode [ 'test/destroy-task-test.js', 420, 436 ]
221 silly gunzTarPerm extractEntry test/multiples-values-test.js
222 silly gunzTarPerm modified mode [ 'test/multiples-values-test.js', 420, 436 ]
223 silly gunzTarPerm extractEntry test/pattern-validation/validate-day-test.js
224 silly gunzTarPerm modified mode [ 'test/pattern-validation/validate-day-test.js', 420, 436 ]
225 silly gunzTarPerm extractEntry test/pattern-validation/validate-hours-test.js
226 silly gunzTarPerm modified mode [ 'test/pattern-validation/validate-hours-test.js', 420, 436 ]
227 silly gunzTarPerm extractEntry test/pattern-validation/validate-minute-test.js
228 silly gunzTarPerm modified mode [ 'test/pattern-validation/validate-minute-test.js', 420, 436 ]
229 silly gunzTarPerm extractEntry test/pattern-validation/validate-month-test.js
230 silly gunzTarPerm modified mode [ 'test/pattern-validation/validate-month-test.js', 420, 436 ]
231 silly gunzTarPerm extractEntry test/pattern-validation/validate-pattern-type.js
232 silly gunzTarPerm modified mode [ 'test/pattern-validation/validate-pattern-type.js', 420, 436 ]
233 silly gunzTarPerm extractEntry test/pattern-validation/validate-second-test.js
234 silly gunzTarPerm modified mode [ 'test/pattern-validation/validate-second-test.js', 420, 436 ]
235 silly gunzTarPerm extractEntry test/pattern-validation/validate-test.js
236 silly gunzTarPerm modified mode [ 'test/pattern-validation/validate-test.js', 420, 436 ]
237 silly gunzTarPerm extractEntry test/pattern-validation/validate-week-day-test.js
238 silly gunzTarPerm modified mode [ 'test/pattern-validation/validate-week-day-test.js', 420, 436 ]
239 silly gunzTarPerm extractEntry test/range-values-test.js
240 silly gunzTarPerm modified mode [ 'test/range-values-test.js', 420, 436 ]
241 silly gunzTarPerm extractEntry test/restart-task-test.js
242 silly gunzTarPerm modified mode [ 'test/restart-task-test.js', 420, 436 ]
243 silly gunzTarPerm extractEntry test/scheduled-taks-test.js
244 silly gunzTarPerm modified mode [ 'test/scheduled-taks-test.js', 420, 436 ]
245 silly gunzTarPerm extractEntry test/scheduling-test.js
246 silly gunzTarPerm modified mode [ 'test/scheduling-test.js', 420, 436 ]
247 silly gunzTarPerm extractEntry test/step-value-test.js
248 silly gunzTarPerm modified mode [ 'test/step-value-test.js', 420, 436 ]
249 silly gunzTarPerm extractEntry test/stop-task-test.js
250 silly gunzTarPerm modified mode [ 'test/stop-task-test.js', 420, 436 ]
251 silly gunzTarPerm extractEntry test/task/task-day-of-month-test.js
252 silly gunzTarPerm modified mode [ 'test/task/task-day-of-month-test.js', 420, 436 ]
253 silly gunzTarPerm extractEntry test/task/task-fail-test.js
254 silly gunzTarPerm modified mode [ 'test/task/task-fail-test.js', 420, 436 ]
255 silly gunzTarPerm extractEntry test/task/task-hour-test.js
256 silly gunzTarPerm modified mode [ 'test/task/task-hour-test.js', 420, 436 ]
257 silly gunzTarPerm extractEntry test/task/task-minute-test.js
258 silly gunzTarPerm modified mode [ 'test/task/task-minute-test.js', 420, 436 ]
259 silly gunzTarPerm extractEntry test/task/task-month-test.js
260 silly gunzTarPerm modified mode [ 'test/task/task-month-test.js', 420, 436 ]
261 silly gunzTarPerm extractEntry test/task/task-second-test.js
262 silly gunzTarPerm modified mode [ 'test/task/task-second-test.js', 420, 436 ]
263 silly gunzTarPerm extractEntry test/task/task-week-day-day-of-month-test.js
264 silly gunzTarPerm modified mode [ 'test/task/task-week-day-day-of-month-test.js', 420, 436 ]
265 silly gunzTarPerm extractEntry test/task/task-week-day-test.js
266 silly gunzTarPerm modified mode [ 'test/task/task-week-day-test.js', 420, 436 ]
267 silly gunzTarPerm extractEntry test/timezone-test.js
268 silly gunzTarPerm modified mode [ 'test/timezone-test.js', 420, 436 ]
269 silly gunzTarPerm extractEntry test/validate-taks-schaduling-test.js
270 silly gunzTarPerm modified mode [ 'test/validate-taks-schaduling-test.js', 420, 436 ]
271 http fetch 200 https://registry.npmjs.org/envvar/-/envvar-2.0.0.tgz
272 silly fetchAndShaCheck shasum 71ec0cd0f985539a3046d4f4da56c67d7c2bf03f
273 verbose addTmpTarball /tmp/npm-29625-e964a3e7/registry.npmjs.org/envvar/-/envvar-2.0.0.tgz not in flight; adding
274 verbose addTmpTarball already have metadata; skipping unpack for envvar@2.0.0
275 verbose unbuild node_modules/.staging/envvar-a0181552
276 silly gentlyRm /home/god/Downloads/049/049/server/node_modules/.staging/envvar-a0181552 is being purged from base /home/god/Downloads/049/049/server
277 verbose gentlyRm don't care about contents; nuking /home/god/Downloads/049/049/server/node_modules/.staging/envvar-a0181552
278 verbose tar unpack /home/god/.npm/envvar/2.0.0/package.tgz
279 verbose tar unpacking to /home/god/Downloads/049/049/server/node_modules/.staging/envvar-a0181552
280 silly gentlyRm /home/god/Downloads/049/049/server/node_modules/.staging/envvar-a0181552 is being purged
281 verbose gentlyRm don't care about contents; nuking /home/god/Downloads/049/049/server/node_modules/.staging/envvar-a0181552
282 silly gunzTarPerm modes [ '775', '664' ]
283 silly gunzTarPerm extractEntry package.json
284 silly gunzTarPerm modified mode [ 'package.json', 420, 436 ]
285 http 304 https://registry.npmjs.org/mx-atrium
286 verbose headers { date: 'Fri, 21 Jun 2019 13:42:02 GMT',
286 verbose headers   connection: 'keep-alive',
286 verbose headers   'set-cookie':
286 verbose headers    [ '__cfduid=de6f925c6fe33e28ddfc51ceb9e9464e41561124522; expires=Sat, 20-Jun-20 13:42:02 GMT; path=/; domain=.npmjs.org; HttpOnly' ],
286 verbose headers   'cf-cache-status': 'HIT',
286 verbose headers   'cache-control': 'max-age=300',
286 verbose headers   'cf-ray': '4ea66748785fd5bf-BOM',
286 verbose headers   etag: '"45c09223493a818128768eeaac0b2541"',
286 verbose headers   'expect-ct': 'max-age=604800, report-uri="https://report-uri.cloudflare.com/cdn-cgi/beacon/expect-ct"',
286 verbose headers   'last-modified': 'Wed, 15 May 2019 17:10:22 GMT',
286 verbose headers   vary: 'accept-encoding, accept',
286 verbose headers   'x-amz-meta-rev': '14-39934e3d237bf2152a0230824027a884',
286 verbose headers   server: 'cloudflare' }
287 silly get cb [ 304,
287 silly get   { date: 'Fri, 21 Jun 2019 13:42:02 GMT',
287 silly get     connection: 'keep-alive',
287 silly get     'set-cookie':
287 silly get      [ '__cfduid=de6f925c6fe33e28ddfc51ceb9e9464e41561124522; expires=Sat, 20-Jun-20 13:42:02 GMT; path=/; domain=.npmjs.org; HttpOnly' ],
287 silly get     'cf-cache-status': 'HIT',
287 silly get     'cache-control': 'max-age=300',
287 silly get     'cf-ray': '4ea66748785fd5bf-BOM',
287 silly get     etag: '"45c09223493a818128768eeaac0b2541"',
287 silly get     'expect-ct': 'max-age=604800, report-uri="https://report-uri.cloudflare.com/cdn-cgi/beacon/expect-ct"',
287 silly get     'last-modified': 'Wed, 15 May 2019 17:10:22 GMT',
287 silly get     vary: 'accept-encoding, accept',
287 silly get     'x-amz-meta-rev': '14-39934e3d237bf2152a0230824027a884',
287 silly get     server: 'cloudflare' } ]
288 verbose etag https://registry.npmjs.org/mx-atrium from cache
289 verbose get saving mx-atrium to /home/god/.npm/registry.npmjs.org/mx-atrium/.cache.json
290 silly gunzTarPerm extractEntry README.md
291 silly gunzTarPerm modified mode [ 'README.md', 420, 436 ]
292 silly gunzTarPerm extractEntry LICENSE
293 silly gunzTarPerm modified mode [ 'LICENSE', 420, 436 ]
294 silly gunzTarPerm extractEntry index.js
295 silly gunzTarPerm modified mode [ 'index.js', 420, 436 ]
296 silly gunzTarPerm extractEntry index.d.ts
297 silly gunzTarPerm modified mode [ 'index.d.ts', 420, 436 ]
298 silly mapToRegistry name mx-atrium
299 silly mapToRegistry using default registry
300 silly mapToRegistry registry https://registry.npmjs.org/
301 silly mapToRegistry uri https://registry.npmjs.org/mx-atrium
302 verbose addRemoteTarball https://registry.npmjs.org/mx-atrium/-/mx-atrium-0.0.10.tgz not in flight; adding
303 verbose addRemoteTarball [ 'https://registry.npmjs.org/mx-atrium/-/mx-atrium-0.0.10.tgz',
303 verbose addRemoteTarball   '38eab8cc5a5a63ac2b039702cad0e1c0761f5768' ]
304 info retry fetch attempt 1 at 7:12:02 PM
305 info attempt registry request try #1 at 7:12:02 PM
306 http fetch GET https://registry.npmjs.org/mx-atrium/-/mx-atrium-0.0.10.tgz
307 silly gentlyRm /home/god/Downloads/049/049/server/node_modules/.staging/envvar-a0181552/node_modules is being purged
308 verbose gentlyRm don't care about contents; nuking /home/god/Downloads/049/049/server/node_modules/.staging/envvar-a0181552/node_modules
309 http fetch 200 https://registry.npmjs.org/mx-atrium/-/mx-atrium-0.0.10.tgz
310 silly fetchAndShaCheck shasum 38eab8cc5a5a63ac2b039702cad0e1c0761f5768
311 verbose addTmpTarball /tmp/npm-29625-e964a3e7/registry.npmjs.org/mx-atrium/-/mx-atrium-0.0.10.tgz not in flight; adding
312 verbose addTmpTarball already have metadata; skipping unpack for mx-atrium@0.0.10
313 verbose unbuild node_modules/.staging/mx-atrium-f8c82db8
314 silly gentlyRm /home/god/Downloads/049/049/server/node_modules/.staging/mx-atrium-f8c82db8 is being purged from base /home/god/Downloads/049/049/server
315 verbose gentlyRm don't care about contents; nuking /home/god/Downloads/049/049/server/node_modules/.staging/mx-atrium-f8c82db8
316 verbose tar unpack /home/god/.npm/mx-atrium/0.0.10/package.tgz
317 verbose tar unpacking to /home/god/Downloads/049/049/server/node_modules/.staging/mx-atrium-f8c82db8
318 silly gentlyRm /home/god/Downloads/049/049/server/node_modules/.staging/mx-atrium-f8c82db8 is being purged
319 verbose gentlyRm don't care about contents; nuking /home/god/Downloads/049/049/server/node_modules/.staging/mx-atrium-f8c82db8
320 silly gunzTarPerm modes [ '775', '664' ]
321 silly gunzTarPerm extractEntry package.json
322 silly gunzTarPerm modified mode [ 'package.json', 420, 436 ]
323 silly gunzTarPerm extractEntry .eslintrc.js
324 silly gunzTarPerm modified mode [ '.eslintrc.js', 420, 436 ]
325 silly gunzTarPerm extractEntry .travis.yml
326 silly gunzTarPerm modified mode [ '.travis.yml', 420, 436 ]
327 silly gunzTarPerm extractEntry index.js
328 silly gunzTarPerm modified mode [ 'index.js', 420, 436 ]
329 silly gunzTarPerm extractEntry LICENSE
330 silly gunzTarPerm modified mode [ 'LICENSE', 420, 436 ]
331 silly gunzTarPerm extractEntry README.md
332 silly gunzTarPerm modified mode [ 'README.md', 420, 436 ]
333 silly gunzTarPerm extractEntry examples/accountsandtransactions.js
334 silly gunzTarPerm modified mode [ 'examples/accountsandtransactions.js', 420, 436 ]
335 silly gunzTarPerm extractEntry examples/allendpoints.js
336 silly gunzTarPerm modified mode [ 'examples/allendpoints.js', 420, 436 ]
337 silly gunzTarPerm extractEntry examples/exampleworkflow.js
338 silly gunzTarPerm modified mode [ 'examples/exampleworkflow.js', 420, 436 ]
339 silly gunzTarPerm extractEntry examples/multifactorauthentication.js
340 silly gunzTarPerm modified mode [ 'examples/multifactorauthentication.js', 420, 436 ]
341 silly gunzTarPerm extractEntry examples/updatecredentials.js
342 silly gunzTarPerm modified mode [ 'examples/updatecredentials.js', 420, 436 ]
343 silly gunzTarPerm extractEntry examples/userandmembercreation.js
344 silly gunzTarPerm modified mode [ 'examples/userandmembercreation.js', 420, 436 ]
345 silly gentlyRm /home/god/Downloads/049/049/server/node_modules/.staging/node-cron-9af53ecf/node_modules is being purged
346 verbose gentlyRm don't care about contents; nuking /home/god/Downloads/049/049/server/node_modules/.staging/node-cron-9af53ecf/node_modules
347 silly gentlyRm /home/god/Downloads/049/049/server/node_modules/.staging/mx-atrium-f8c82db8/node_modules is being purged
348 verbose gentlyRm don't care about contents; nuking /home/god/Downloads/049/049/server/node_modules/.staging/mx-atrium-f8c82db8/node_modules
349 silly doParallel preinstall 3
350 silly preinstall envvar@2.0.0 /home/god/Downloads/049/049/server/node_modules/.staging/envvar-a0181552
351 info lifecycle envvar@2.0.0~preinstall: envvar@2.0.0
352 silly preinstall mx-atrium@0.0.10 /home/god/Downloads/049/049/server/node_modules/.staging/mx-atrium-f8c82db8
353 info lifecycle mx-atrium@0.0.10~preinstall: mx-atrium@0.0.10
354 silly preinstall node-cron@2.0.3 /home/god/Downloads/049/049/server/node_modules/.staging/node-cron-9af53ecf
355 info lifecycle node-cron@2.0.3~preinstall: node-cron@2.0.3
356 silly lifecycle envvar@2.0.0~preinstall: no script for preinstall, continuing
357 silly lifecycle mx-atrium@0.0.10~preinstall: no script for preinstall, continuing
358 silly lifecycle node-cron@2.0.3~preinstall: no script for preinstall, continuing
359 silly doReverseSerial remove 0
360 silly doSerial move 0
361 silly doSerial finalize 3
362 silly finalize /home/god/Downloads/049/049/server/node_modules/envvar
363 silly finalize /home/god/Downloads/049/049/server/node_modules/mx-atrium
364 silly finalize /home/god/Downloads/049/049/server/node_modules/node-cron
365 silly doSerial build 3
366 silly build envvar@2.0.0
367 info linkStuff envvar@2.0.0
368 silly linkStuff envvar@2.0.0 has /home/god/Downloads/049/049/server/node_modules as its parent node_modules
369 verbose linkBins envvar@2.0.0
370 verbose linkMans envvar@2.0.0
371 silly build mx-atrium@0.0.10
372 info linkStuff mx-atrium@0.0.10
373 silly linkStuff mx-atrium@0.0.10 has /home/god/Downloads/049/049/server/node_modules as its parent node_modules
374 verbose linkBins mx-atrium@0.0.10
375 verbose linkMans mx-atrium@0.0.10
376 silly build node-cron@2.0.3
377 info linkStuff node-cron@2.0.3
378 silly linkStuff node-cron@2.0.3 has /home/god/Downloads/049/049/server/node_modules as its parent node_modules
379 verbose linkBins node-cron@2.0.3
380 verbose linkMans node-cron@2.0.3
381 silly doSerial global-link 0
382 silly doParallel update-linked 0
383 silly doSerial install 3
384 silly install envvar@2.0.0 /home/god/Downloads/049/049/server/node_modules/.staging/envvar-a0181552
385 info lifecycle envvar@2.0.0~install: envvar@2.0.0
386 silly lifecycle envvar@2.0.0~install: no script for install, continuing
387 silly install mx-atrium@0.0.10 /home/god/Downloads/049/049/server/node_modules/.staging/mx-atrium-f8c82db8
388 info lifecycle mx-atrium@0.0.10~install: mx-atrium@0.0.10
389 silly lifecycle mx-atrium@0.0.10~install: no script for install, continuing
390 silly install node-cron@2.0.3 /home/god/Downloads/049/049/server/node_modules/.staging/node-cron-9af53ecf
391 info lifecycle node-cron@2.0.3~install: node-cron@2.0.3
392 silly lifecycle node-cron@2.0.3~install: no script for install, continuing
393 silly doSerial postinstall 3
394 silly postinstall envvar@2.0.0 /home/god/Downloads/049/049/server/node_modules/.staging/envvar-a0181552
395 info lifecycle envvar@2.0.0~postinstall: envvar@2.0.0
396 silly lifecycle envvar@2.0.0~postinstall: no script for postinstall, continuing
397 silly postinstall mx-atrium@0.0.10 /home/god/Downloads/049/049/server/node_modules/.staging/mx-atrium-f8c82db8
398 info lifecycle mx-atrium@0.0.10~postinstall: mx-atrium@0.0.10
399 silly lifecycle mx-atrium@0.0.10~postinstall: no script for postinstall, continuing
400 silly postinstall node-cron@2.0.3 /home/god/Downloads/049/049/server/node_modules/.staging/node-cron-9af53ecf
401 info lifecycle node-cron@2.0.3~postinstall: node-cron@2.0.3
402 verbose lifecycle node-cron@2.0.3~postinstall: unsafe-perm in lifecycle true
403 verbose lifecycle node-cron@2.0.3~postinstall: PATH: /usr/share/npm/bin/node-gyp-bin:/home/god/Downloads/049/049/server/node_modules/node-cron/node_modules/.bin:/home/god/Downloads/049/049/server/node_modules/.bin:/usr/local/sbin:/usr/local/bin:/usr/sbin:/usr/bin:/sbin:/bin:/usr/games:/usr/local/games:/snap/bin:/usr/lib/jvm/java-8-oracle/bin:/usr/lib/jvm/java-8-oracle/db/bin:/usr/lib/jvm/java-8-oracle/jre/bin:/usr/lib/jvm/default-java/bin
404 verbose lifecycle node-cron@2.0.3~postinstall: CWD: /home/god/Downloads/049/049/server/node_modules/node-cron
405 silly lifecycle node-cron@2.0.3~postinstall: Args: [ '-c', 'opencollective-postinstall' ]
406 silly lifecycle node-cron@2.0.3~postinstall: Returned: code: 126  signal: null
407 info lifecycle node-cron@2.0.3~postinstall: Failed to exec postinstall script
408 verbose unlock done using /home/god/.npm/_locks/staging-7d87633b6f151e34.lock for /home/god/Downloads/049/049/server/node_modules/.staging
409 silly rollbackFailedOptional Starting
410 silly rollbackFailedOptional Finishing
411 silly runTopLevelLifecycles Starting
412 silly runTopLevelLifecycles Finishing
413 silly install printInstalled
414 warn optional Skipping failed optional dependency /chokidar/fsevents:
415 warn notsup Not compatible with your operating system or architecture: fsevents@1.2.9
416 warn chunk-money@1.0.0 No description
417 warn chunk-money@1.0.0 No repository field.
418 verbose stack Error: node-cron@2.0.3 postinstall: `opencollective-postinstall`
418 verbose stack Exit status 126
418 verbose stack     at EventEmitter.<anonymous> (/usr/share/npm/lib/utils/lifecycle.js:232:16)
418 verbose stack     at emitTwo (events.js:126:13)
418 verbose stack     at EventEmitter.emit (events.js:214:7)
418 verbose stack     at ChildProcess.<anonymous> (/usr/share/npm/lib/utils/spawn.js:24:14)
418 verbose stack     at emitTwo (events.js:126:13)
418 verbose stack     at ChildProcess.emit (events.js:214:7)
418 verbose stack     at maybeClose (internal/child_process.js:925:16)
418 verbose stack     at Process.ChildProcess._handle.onexit (internal/child_process.js:209:5)
419 verbose pkgid node-cron@2.0.3
420 verbose cwd /home/god/Downloads/049/049/server
421 error Linux 4.15.0-51-generic
422 error argv "/usr/bin/node" "/usr/bin/npm" "install"
423 error node v8.10.0
424 error npm  v3.5.2
425 error code ELIFECYCLE
426 error node-cron@2.0.3 postinstall: `opencollective-postinstall`
426 error Exit status 126
427 error Failed at the node-cron@2.0.3 postinstall script 'opencollective-postinstall'.
427 error Make sure you have the latest version of node.js and npm installed.
427 error If you do, this is most likely a problem with the node-cron package,
427 error not with npm itself.
427 error Tell the author that this fails on your system:
427 error     opencollective-postinstall
427 error You can get information on how to open an issue for this project with:
427 error     npm bugs node-cron
427 error Or if that isn't available, you can get their info via:
427 error     npm owner ls node-cron
427 error There is likely additional logging output above.
428 verbose exit [ 1, true ]
